2025-01-06 10:39:32.767 [TestNG-tests-1] INFO  testCases.HomePageTest - Test HomePage_text started
2025-01-06 10:39:32.824 [TestNG-tests-1] INFO  testCases.HomePageTest - Test passed - HomePage_text validation successful
2025-01-06 10:39:32.825 [TestNG-tests-1] INFO  testCases.HomePageTest - Test passed - HomePage_text validation successful
2025-01-06 10:39:32.829 [TestNG-tests-1] ERROR testCases.HomePageTest - Test failed - HomePage_text validation failed
java.lang.AssertionError: expected [null] but found [Selenium Playground]
	at org.testng.Assert.fail(Assert.java:99) ~[testng-7.4.0.jar:7.4.0]
	at org.testng.Assert.failNotEquals(Assert.java:1037) ~[testng-7.4.0.jar:7.4.0]
	at org.testng.Assert.assertEqualsImpl(Assert.java:140) ~[testng-7.4.0.jar:7.4.0]
	at org.testng.Assert.assertEquals(Assert.java:122) ~[testng-7.4.0.jar:7.4.0]
	at org.testng.Assert.assertEquals(Assert.java:629) ~[testng-7.4.0.jar:7.4.0]
	at org.testng.Assert.assertEquals(Assert.java:639) ~[testng-7.4.0.jar:7.4.0]
	at testCases.HomePageTest.HomePage_text(HomePageTest.java:30) [test-classes/:?]
	at java.base/jdk.internal.reflect.NativeMethodAccessorImpl.invoke0(Native Method) ~[?:?]
	at java.base/jdk.internal.reflect.NativeMethodAccessorImpl.invoke(NativeMethodAccessorImpl.java:77) ~[?:?]
	at java.base/jdk.internal.reflect.DelegatingMethodAccessorImpl.invoke(DelegatingMethodAccessorImpl.java:43) ~[?:?]
	at java.base/java.lang.reflect.Method.invoke(Method.java:568) ~[?:?]
	at org.testng.internal.MethodInvocationHelper.invokeMethod(MethodInvocationHelper.java:133) [testng-7.4.0.jar:7.4.0]
	at org.testng.internal.TestInvoker.invokeMethod(TestInvoker.java:598) [testng-7.4.0.jar:7.4.0]
	at org.testng.internal.TestInvoker.invokeTestMethod(TestInvoker.java:173) [testng-7.4.0.jar:7.4.0]
	at org.testng.internal.MethodRunner.runInSequence(MethodRunner.java:46) [testng-7.4.0.jar:7.4.0]
	at org.testng.internal.TestInvoker$MethodInvocationAgent.invoke(TestInvoker.java:824) [testng-7.4.0.jar:7.4.0]
	at org.testng.internal.TestInvoker.invokeTestMethods(TestInvoker.java:146) [testng-7.4.0.jar:7.4.0]
	at org.testng.internal.TestMethodWorker.invokeTestMethods(TestMethodWorker.java:146) [testng-7.4.0.jar:7.4.0]
	at org.testng.internal.TestMethodWorker.run(TestMethodWorker.java:128) [testng-7.4.0.jar:7.4.0]
	at java.base/java.util.ArrayList.forEach(ArrayList.java:1511) [?:?]
	at org.testng.TestRunner.privateRun(TestRunner.java:794) [testng-7.4.0.jar:7.4.0]
	at org.testng.TestRunner.run(TestRunner.java:596) [testng-7.4.0.jar:7.4.0]
	at org.testng.SuiteRunner.runTest(SuiteRunner.java:377) [testng-7.4.0.jar:7.4.0]
	at org.testng.SuiteRunner.access$000(SuiteRunner.java:28) [testng-7.4.0.jar:7.4.0]
	at org.testng.SuiteRunner$SuiteWorker.run(SuiteRunner.java:418) [testng-7.4.0.jar:7.4.0]
	at org.testng.internal.thread.ThreadUtil.lambda$execute$0(ThreadUtil.java:64) [testng-7.4.0.jar:7.4.0]
	at java.base/java.util.concurrent.FutureTask.run(FutureTask.java:264) [?:?]
	at java.base/java.util.concurrent.ThreadPoolExecutor.runWorker(ThreadPoolExecutor.java:1136) [?:?]
	at java.base/java.util.concurrent.ThreadPoolExecutor$Worker.run(ThreadPoolExecutor.java:635) [?:?]
	at java.base/java.lang.Thread.run(Thread.java:842) [?:?]
2025-01-06 10:39:51.739 [TestNG-tests-2] INFO  testCases.HomePageTest - Test HomePage_text started
2025-01-06 10:39:51.778 [TestNG-tests-2] INFO  testCases.HomePageTest - Test passed - HomePage_text validation successful
2025-01-06 10:39:51.779 [TestNG-tests-2] INFO  testCases.HomePageTest - Test passed - HomePage_text validation successful
2025-01-06 10:39:51.779 [TestNG-tests-2] INFO  testCases.HomePageTest - Test passed - HomePage_text validation successful
2025-01-06 10:42:10.604 [main] INFO  testCases.HomePageTest - Test HomePage_text started
2025-01-06 10:42:10.658 [main] INFO  testCases.HomePageTest - Test passed - HomePage_text validation successful
2025-01-06 10:42:10.658 [main] INFO  testCases.HomePageTest - Test passed - HomePage_text validation successful
2025-01-06 10:42:10.661 [main] INFO  testCases.HomePageTest - Test passed - HomePage_text validation successful
2025-01-06 10:42:52.094 [TestNG-tests-1] INFO  testCases.HomePageTest - Test HomePage_text started
2025-01-06 10:42:52.137 [TestNG-tests-1] INFO  testCases.HomePageTest - Test passed - HomePage_text validation successful
2025-01-06 10:42:52.138 [TestNG-tests-1] INFO  testCases.HomePageTest - Test passed - HomePage_text validation successful
2025-01-06 10:42:52.142 [TestNG-tests-1] ERROR testCases.HomePageTest - Test failed - HomePage_text validation failed
java.lang.AssertionError: expected [null] but found [Selenium Playground]
	at org.testng.Assert.fail(Assert.java:99) ~[testng-7.4.0.jar:7.4.0]
	at org.testng.Assert.failNotEquals(Assert.java:1037) ~[testng-7.4.0.jar:7.4.0]
	at org.testng.Assert.assertEqualsImpl(Assert.java:140) ~[testng-7.4.0.jar:7.4.0]
	at org.testng.Assert.assertEquals(Assert.java:122) ~[testng-7.4.0.jar:7.4.0]
	at org.testng.Assert.assertEquals(Assert.java:629) ~[testng-7.4.0.jar:7.4.0]
	at org.testng.Assert.assertEquals(Assert.java:639) ~[testng-7.4.0.jar:7.4.0]
	at testCases.HomePageTest.HomePage_text(HomePageTest.java:30) [test-classes/:?]
	at java.base/jdk.internal.reflect.NativeMethodAccessorImpl.invoke0(Native Method) ~[?:?]
	at java.base/jdk.internal.reflect.NativeMethodAccessorImpl.invoke(NativeMethodAccessorImpl.java:77) ~[?:?]
	at java.base/jdk.internal.reflect.DelegatingMethodAccessorImpl.invoke(DelegatingMethodAccessorImpl.java:43) ~[?:?]
	at java.base/java.lang.reflect.Method.invoke(Method.java:568) ~[?:?]
	at org.testng.internal.MethodInvocationHelper.invokeMethod(MethodInvocationHelper.java:133) [testng-7.4.0.jar:7.4.0]
	at org.testng.internal.TestInvoker.invokeMethod(TestInvoker.java:598) [testng-7.4.0.jar:7.4.0]
	at org.testng.internal.TestInvoker.invokeTestMethod(TestInvoker.java:173) [testng-7.4.0.jar:7.4.0]
	at org.testng.internal.MethodRunner.runInSequence(MethodRunner.java:46) [testng-7.4.0.jar:7.4.0]
	at org.testng.internal.TestInvoker$MethodInvocationAgent.invoke(TestInvoker.java:824) [testng-7.4.0.jar:7.4.0]
	at org.testng.internal.TestInvoker.invokeTestMethods(TestInvoker.java:146) [testng-7.4.0.jar:7.4.0]
	at org.testng.internal.TestMethodWorker.invokeTestMethods(TestMethodWorker.java:146) [testng-7.4.0.jar:7.4.0]
	at org.testng.internal.TestMethodWorker.run(TestMethodWorker.java:128) [testng-7.4.0.jar:7.4.0]
	at java.base/java.util.ArrayList.forEach(ArrayList.java:1511) [?:?]
	at org.testng.TestRunner.privateRun(TestRunner.java:794) [testng-7.4.0.jar:7.4.0]
	at org.testng.TestRunner.run(TestRunner.java:596) [testng-7.4.0.jar:7.4.0]
	at org.testng.SuiteRunner.runTest(SuiteRunner.java:377) [testng-7.4.0.jar:7.4.0]
	at org.testng.SuiteRunner.access$000(SuiteRunner.java:28) [testng-7.4.0.jar:7.4.0]
	at org.testng.SuiteRunner$SuiteWorker.run(SuiteRunner.java:418) [testng-7.4.0.jar:7.4.0]
	at org.testng.internal.thread.ThreadUtil.lambda$execute$0(ThreadUtil.java:64) [testng-7.4.0.jar:7.4.0]
	at java.base/java.util.concurrent.FutureTask.run(FutureTask.java:264) [?:?]
	at java.base/java.util.concurrent.ThreadPoolExecutor.runWorker(ThreadPoolExecutor.java:1136) [?:?]
	at java.base/java.util.concurrent.ThreadPoolExecutor$Worker.run(ThreadPoolExecutor.java:635) [?:?]
	at java.base/java.lang.Thread.run(Thread.java:842) [?:?]
2025-01-06 10:43:05.674 [TestNG-tests-2] INFO  testCases.HomePageTest - Test HomePage_text started
2025-01-06 10:43:05.710 [TestNG-tests-2] INFO  testCases.HomePageTest - Test passed - HomePage_text validation successful
2025-01-06 10:43:05.711 [TestNG-tests-2] INFO  testCases.HomePageTest - Test passed - HomePage_text validation successful
2025-01-06 10:43:05.711 [TestNG-tests-2] INFO  testCases.HomePageTest - Test passed - HomePage_text validation successful
2025-01-06 10:54:56.816 [TestNG-tests-1] INFO  testCases.HomePageTest - Test HomePage_text started
2025-01-06 10:54:56.849 [TestNG-tests-1] INFO  testCases.HomePageTest - Test passed - HomePage_text validation successful
2025-01-06 10:54:56.850 [TestNG-tests-1] INFO  testCases.HomePageTest - Test passed - HomePage_text validation successful
2025-01-06 10:54:56.852 [TestNG-tests-1] ERROR testCases.HomePageTest - Test failed - HomePage_text validation failed
java.lang.AssertionError: expected [null] but found [Selenium Playground]
	at org.testng.Assert.fail(Assert.java:99) ~[testng-7.4.0.jar:7.4.0]
	at org.testng.Assert.failNotEquals(Assert.java:1037) ~[testng-7.4.0.jar:7.4.0]
	at org.testng.Assert.assertEqualsImpl(Assert.java:140) ~[testng-7.4.0.jar:7.4.0]
	at org.testng.Assert.assertEquals(Assert.java:122) ~[testng-7.4.0.jar:7.4.0]
	at org.testng.Assert.assertEquals(Assert.java:629) ~[testng-7.4.0.jar:7.4.0]
	at org.testng.Assert.assertEquals(Assert.java:639) ~[testng-7.4.0.jar:7.4.0]
	at testCases.HomePageTest.HomePage_text(HomePageTest.java:30) [test-classes/:?]
	at java.base/jdk.internal.reflect.NativeMethodAccessorImpl.invoke0(Native Method) ~[?:?]
	at java.base/jdk.internal.reflect.NativeMethodAccessorImpl.invoke(NativeMethodAccessorImpl.java:77) ~[?:?]
	at java.base/jdk.internal.reflect.DelegatingMethodAccessorImpl.invoke(DelegatingMethodAccessorImpl.java:43) ~[?:?]
	at java.base/java.lang.reflect.Method.invoke(Method.java:568) ~[?:?]
	at org.testng.internal.MethodInvocationHelper.invokeMethod(MethodInvocationHelper.java:133) [testng-7.4.0.jar:7.4.0]
	at org.testng.internal.TestInvoker.invokeMethod(TestInvoker.java:598) [testng-7.4.0.jar:7.4.0]
	at org.testng.internal.TestInvoker.invokeTestMethod(TestInvoker.java:173) [testng-7.4.0.jar:7.4.0]
	at org.testng.internal.MethodRunner.runInSequence(MethodRunner.java:46) [testng-7.4.0.jar:7.4.0]
	at org.testng.internal.TestInvoker$MethodInvocationAgent.invoke(TestInvoker.java:824) [testng-7.4.0.jar:7.4.0]
	at org.testng.internal.TestInvoker.invokeTestMethods(TestInvoker.java:146) [testng-7.4.0.jar:7.4.0]
	at org.testng.internal.TestMethodWorker.invokeTestMethods(TestMethodWorker.java:146) [testng-7.4.0.jar:7.4.0]
	at org.testng.internal.TestMethodWorker.run(TestMethodWorker.java:128) [testng-7.4.0.jar:7.4.0]
	at java.base/java.util.ArrayList.forEach(ArrayList.java:1511) [?:?]
	at org.testng.TestRunner.privateRun(TestRunner.java:794) [testng-7.4.0.jar:7.4.0]
	at org.testng.TestRunner.run(TestRunner.java:596) [testng-7.4.0.jar:7.4.0]
	at org.testng.SuiteRunner.runTest(SuiteRunner.java:377) [testng-7.4.0.jar:7.4.0]
	at org.testng.SuiteRunner.access$000(SuiteRunner.java:28) [testng-7.4.0.jar:7.4.0]
	at org.testng.SuiteRunner$SuiteWorker.run(SuiteRunner.java:418) [testng-7.4.0.jar:7.4.0]
	at org.testng.internal.thread.ThreadUtil.lambda$execute$0(ThreadUtil.java:64) [testng-7.4.0.jar:7.4.0]
	at java.base/java.util.concurrent.FutureTask.run(FutureTask.java:264) [?:?]
	at java.base/java.util.concurrent.ThreadPoolExecutor.runWorker(ThreadPoolExecutor.java:1136) [?:?]
	at java.base/java.util.concurrent.ThreadPoolExecutor$Worker.run(ThreadPoolExecutor.java:635) [?:?]
	at java.base/java.lang.Thread.run(Thread.java:842) [?:?]
2025-01-06 10:55:12.333 [TestNG-tests-2] INFO  testCases.HomePageTest - Test HomePage_text started
2025-01-06 10:55:12.371 [TestNG-tests-2] INFO  testCases.HomePageTest - Test passed - HomePage_text validation successful
2025-01-06 10:55:12.371 [TestNG-tests-2] INFO  testCases.HomePageTest - Test passed - HomePage_text validation successful
2025-01-06 10:55:12.371 [TestNG-tests-2] INFO  testCases.HomePageTest - Test passed - HomePage_text validation successful
2025-01-06 10:55:49.153 [TestNG-tests-1] INFO  testCases.HomePageTest - Test HomePage_text started
2025-01-06 10:55:49.205 [TestNG-tests-1] INFO  testCases.HomePageTest - Test passed - HomePage_text validation successful
2025-01-06 10:55:49.205 [TestNG-tests-1] INFO  testCases.HomePageTest - Test passed - HomePage_text validation successful
2025-01-06 10:55:49.208 [TestNG-tests-1] ERROR testCases.HomePageTest - Test failed - HomePage_text validation failed
java.lang.AssertionError: expected [null] but found [Selenium Playground]
	at org.testng.Assert.fail(Assert.java:99) ~[testng-7.4.0.jar:7.4.0]
	at org.testng.Assert.failNotEquals(Assert.java:1037) ~[testng-7.4.0.jar:7.4.0]
	at org.testng.Assert.assertEqualsImpl(Assert.java:140) ~[testng-7.4.0.jar:7.4.0]
	at org.testng.Assert.assertEquals(Assert.java:122) ~[testng-7.4.0.jar:7.4.0]
	at org.testng.Assert.assertEquals(Assert.java:629) ~[testng-7.4.0.jar:7.4.0]
	at org.testng.Assert.assertEquals(Assert.java:639) ~[testng-7.4.0.jar:7.4.0]
	at testCases.HomePageTest.HomePage_text(HomePageTest.java:30) [test-classes/:?]
	at java.base/jdk.internal.reflect.NativeMethodAccessorImpl.invoke0(Native Method) ~[?:?]
	at java.base/jdk.internal.reflect.NativeMethodAccessorImpl.invoke(NativeMethodAccessorImpl.java:77) ~[?:?]
	at java.base/jdk.internal.reflect.DelegatingMethodAccessorImpl.invoke(DelegatingMethodAccessorImpl.java:43) ~[?:?]
	at java.base/java.lang.reflect.Method.invoke(Method.java:568) ~[?:?]
	at org.testng.internal.MethodInvocationHelper.invokeMethod(MethodInvocationHelper.java:133) [testng-7.4.0.jar:7.4.0]
	at org.testng.internal.TestInvoker.invokeMethod(TestInvoker.java:598) [testng-7.4.0.jar:7.4.0]
	at org.testng.internal.TestInvoker.invokeTestMethod(TestInvoker.java:173) [testng-7.4.0.jar:7.4.0]
	at org.testng.internal.MethodRunner.runInSequence(MethodRunner.java:46) [testng-7.4.0.jar:7.4.0]
	at org.testng.internal.TestInvoker$MethodInvocationAgent.invoke(TestInvoker.java:824) [testng-7.4.0.jar:7.4.0]
	at org.testng.internal.TestInvoker.invokeTestMethods(TestInvoker.java:146) [testng-7.4.0.jar:7.4.0]
	at org.testng.internal.TestMethodWorker.invokeTestMethods(TestMethodWorker.java:146) [testng-7.4.0.jar:7.4.0]
	at org.testng.internal.TestMethodWorker.run(TestMethodWorker.java:128) [testng-7.4.0.jar:7.4.0]
	at java.base/java.util.ArrayList.forEach(ArrayList.java:1511) [?:?]
	at org.testng.TestRunner.privateRun(TestRunner.java:794) [testng-7.4.0.jar:7.4.0]
	at org.testng.TestRunner.run(TestRunner.java:596) [testng-7.4.0.jar:7.4.0]
	at org.testng.SuiteRunner.runTest(SuiteRunner.java:377) [testng-7.4.0.jar:7.4.0]
	at org.testng.SuiteRunner.access$000(SuiteRunner.java:28) [testng-7.4.0.jar:7.4.0]
	at org.testng.SuiteRunner$SuiteWorker.run(SuiteRunner.java:418) [testng-7.4.0.jar:7.4.0]
	at org.testng.internal.thread.ThreadUtil.lambda$execute$0(ThreadUtil.java:64) [testng-7.4.0.jar:7.4.0]
	at java.base/java.util.concurrent.FutureTask.run(FutureTask.java:264) [?:?]
	at java.base/java.util.concurrent.ThreadPoolExecutor.runWorker(ThreadPoolExecutor.java:1136) [?:?]
	at java.base/java.util.concurrent.ThreadPoolExecutor$Worker.run(ThreadPoolExecutor.java:635) [?:?]
	at java.base/java.lang.Thread.run(Thread.java:842) [?:?]
2025-01-06 10:56:02.050 [TestNG-tests-2] INFO  testCases.HomePageTest - Test HomePage_text started
2025-01-06 10:56:02.088 [TestNG-tests-2] INFO  testCases.HomePageTest - Test passed - HomePage_text validation successful
2025-01-06 10:56:02.088 [TestNG-tests-2] INFO  testCases.HomePageTest - Test passed - HomePage_text validation successful
2025-01-06 10:56:02.088 [TestNG-tests-2] INFO  testCases.HomePageTest - Test passed - HomePage_text validation successful
2025-01-06 10:58:42.163 [TestNG-tests-1] INFO  testCases.HomePageTest - Test HomePage_text started
2025-01-06 10:58:42.238 [TestNG-tests-1] INFO  testCases.HomePageTest - Test passed - HomePage_text validation successful
2025-01-06 10:58:42.239 [TestNG-tests-1] INFO  testCases.HomePageTest - Test passed - HomePage_text validation successful
2025-01-06 10:58:42.243 [TestNG-tests-1] ERROR testCases.HomePageTest - Test failed - HomePage_text validation failed
java.lang.AssertionError: expected [null] but found [Selenium Playground]
	at org.testng.Assert.fail(Assert.java:99) ~[testng-7.4.0.jar:7.4.0]
	at org.testng.Assert.failNotEquals(Assert.java:1037) ~[testng-7.4.0.jar:7.4.0]
	at org.testng.Assert.assertEqualsImpl(Assert.java:140) ~[testng-7.4.0.jar:7.4.0]
	at org.testng.Assert.assertEquals(Assert.java:122) ~[testng-7.4.0.jar:7.4.0]
	at org.testng.Assert.assertEquals(Assert.java:629) ~[testng-7.4.0.jar:7.4.0]
	at org.testng.Assert.assertEquals(Assert.java:639) ~[testng-7.4.0.jar:7.4.0]
	at testCases.HomePageTest.HomePage_text(HomePageTest.java:30) [test-classes/:?]
	at java.base/jdk.internal.reflect.NativeMethodAccessorImpl.invoke0(Native Method) ~[?:?]
	at java.base/jdk.internal.reflect.NativeMethodAccessorImpl.invoke(NativeMethodAccessorImpl.java:77) ~[?:?]
	at java.base/jdk.internal.reflect.DelegatingMethodAccessorImpl.invoke(DelegatingMethodAccessorImpl.java:43) ~[?:?]
	at java.base/java.lang.reflect.Method.invoke(Method.java:568) ~[?:?]
	at org.testng.internal.MethodInvocationHelper.invokeMethod(MethodInvocationHelper.java:133) [testng-7.4.0.jar:7.4.0]
	at org.testng.internal.TestInvoker.invokeMethod(TestInvoker.java:598) [testng-7.4.0.jar:7.4.0]
	at org.testng.internal.TestInvoker.invokeTestMethod(TestInvoker.java:173) [testng-7.4.0.jar:7.4.0]
	at org.testng.internal.MethodRunner.runInSequence(MethodRunner.java:46) [testng-7.4.0.jar:7.4.0]
	at org.testng.internal.TestInvoker$MethodInvocationAgent.invoke(TestInvoker.java:824) [testng-7.4.0.jar:7.4.0]
	at org.testng.internal.TestInvoker.invokeTestMethods(TestInvoker.java:146) [testng-7.4.0.jar:7.4.0]
	at org.testng.internal.TestMethodWorker.invokeTestMethods(TestMethodWorker.java:146) [testng-7.4.0.jar:7.4.0]
	at org.testng.internal.TestMethodWorker.run(TestMethodWorker.java:128) [testng-7.4.0.jar:7.4.0]
	at java.base/java.util.ArrayList.forEach(ArrayList.java:1511) [?:?]
	at org.testng.TestRunner.privateRun(TestRunner.java:794) [testng-7.4.0.jar:7.4.0]
	at org.testng.TestRunner.run(TestRunner.java:596) [testng-7.4.0.jar:7.4.0]
	at org.testng.SuiteRunner.runTest(SuiteRunner.java:377) [testng-7.4.0.jar:7.4.0]
	at org.testng.SuiteRunner.access$000(SuiteRunner.java:28) [testng-7.4.0.jar:7.4.0]
	at org.testng.SuiteRunner$SuiteWorker.run(SuiteRunner.java:418) [testng-7.4.0.jar:7.4.0]
	at org.testng.internal.thread.ThreadUtil.lambda$execute$0(ThreadUtil.java:64) [testng-7.4.0.jar:7.4.0]
	at java.base/java.util.concurrent.FutureTask.run(FutureTask.java:264) [?:?]
	at java.base/java.util.concurrent.ThreadPoolExecutor.runWorker(ThreadPoolExecutor.java:1136) [?:?]
	at java.base/java.util.concurrent.ThreadPoolExecutor$Worker.run(ThreadPoolExecutor.java:635) [?:?]
	at java.base/java.lang.Thread.run(Thread.java:842) [?:?]
2025-01-06 10:59:00.338 [TestNG-tests-2] INFO  testCases.HomePageTest - Test HomePage_text started
2025-01-06 10:59:00.393 [TestNG-tests-2] INFO  testCases.HomePageTest - Test passed - HomePage_text validation successful
2025-01-06 10:59:00.394 [TestNG-tests-2] INFO  testCases.HomePageTest - Test passed - HomePage_text validation successful
2025-01-06 10:59:00.394 [TestNG-tests-2] INFO  testCases.HomePageTest - Test passed - HomePage_text validation successful
2025-01-06 10:59:18.626 [main] INFO  testCases.HomePageTest - Test HomePage_text started
2025-01-06 10:59:18.684 [main] INFO  testCases.HomePageTest - Test passed - HomePage_text validation successful
2025-01-06 10:59:18.684 [main] INFO  testCases.HomePageTest - Test passed - HomePage_text validation successful
2025-01-06 10:59:18.686 [main] INFO  testCases.HomePageTest - Test passed - HomePage_text validation successful
2025-01-06 10:59:47.552 [main] INFO  testCases.HomePageTest - Test HomePage_text started
2025-01-06 10:59:47.600 [main] INFO  testCases.HomePageTest - Test passed - HomePage_text validation successful
2025-01-06 10:59:47.600 [main] INFO  testCases.HomePageTest - Test passed - HomePage_text validation successful
2025-01-06 10:59:47.601 [main] INFO  testCases.HomePageTest - Test passed - HomePage_text validation successful
2025-01-06 11:00:24.759 [TestNG-tests-1] INFO  testCases.HomePageTest - Test HomePage_text started
2025-01-06 11:00:24.806 [TestNG-tests-1] INFO  testCases.HomePageTest - Test passed - HomePage_text validation successful
2025-01-06 11:00:24.807 [TestNG-tests-1] INFO  testCases.HomePageTest - Test passed - HomePage_text validation successful
2025-01-06 11:00:24.810 [TestNG-tests-1] ERROR testCases.HomePageTest - Test failed - HomePage_text validation failed
java.lang.AssertionError: expected [null] but found [Selenium Playground]
	at org.testng.Assert.fail(Assert.java:99) ~[testng-7.4.0.jar:7.4.0]
	at org.testng.Assert.failNotEquals(Assert.java:1037) ~[testng-7.4.0.jar:7.4.0]
	at org.testng.Assert.assertEqualsImpl(Assert.java:140) ~[testng-7.4.0.jar:7.4.0]
	at org.testng.Assert.assertEquals(Assert.java:122) ~[testng-7.4.0.jar:7.4.0]
	at org.testng.Assert.assertEquals(Assert.java:629) ~[testng-7.4.0.jar:7.4.0]
	at org.testng.Assert.assertEquals(Assert.java:639) ~[testng-7.4.0.jar:7.4.0]
	at testCases.HomePageTest.HomePage_text(HomePageTest.java:30) [test-classes/:?]
	at java.base/jdk.internal.reflect.NativeMethodAccessorImpl.invoke0(Native Method) ~[?:?]
	at java.base/jdk.internal.reflect.NativeMethodAccessorImpl.invoke(NativeMethodAccessorImpl.java:77) ~[?:?]
	at java.base/jdk.internal.reflect.DelegatingMethodAccessorImpl.invoke(DelegatingMethodAccessorImpl.java:43) ~[?:?]
	at java.base/java.lang.reflect.Method.invoke(Method.java:568) ~[?:?]
	at org.testng.internal.MethodInvocationHelper.invokeMethod(MethodInvocationHelper.java:133) [testng-7.4.0.jar:7.4.0]
	at org.testng.internal.TestInvoker.invokeMethod(TestInvoker.java:598) [testng-7.4.0.jar:7.4.0]
	at org.testng.internal.TestInvoker.invokeTestMethod(TestInvoker.java:173) [testng-7.4.0.jar:7.4.0]
	at org.testng.internal.MethodRunner.runInSequence(MethodRunner.java:46) [testng-7.4.0.jar:7.4.0]
	at org.testng.internal.TestInvoker$MethodInvocationAgent.invoke(TestInvoker.java:824) [testng-7.4.0.jar:7.4.0]
	at org.testng.internal.TestInvoker.invokeTestMethods(TestInvoker.java:146) [testng-7.4.0.jar:7.4.0]
	at org.testng.internal.TestMethodWorker.invokeTestMethods(TestMethodWorker.java:146) [testng-7.4.0.jar:7.4.0]
	at org.testng.internal.TestMethodWorker.run(TestMethodWorker.java:128) [testng-7.4.0.jar:7.4.0]
	at java.base/java.util.ArrayList.forEach(ArrayList.java:1511) [?:?]
	at org.testng.TestRunner.privateRun(TestRunner.java:794) [testng-7.4.0.jar:7.4.0]
	at org.testng.TestRunner.run(TestRunner.java:596) [testng-7.4.0.jar:7.4.0]
	at org.testng.SuiteRunner.runTest(SuiteRunner.java:377) [testng-7.4.0.jar:7.4.0]
	at org.testng.SuiteRunner.access$000(SuiteRunner.java:28) [testng-7.4.0.jar:7.4.0]
	at org.testng.SuiteRunner$SuiteWorker.run(SuiteRunner.java:418) [testng-7.4.0.jar:7.4.0]
	at org.testng.internal.thread.ThreadUtil.lambda$execute$0(ThreadUtil.java:64) [testng-7.4.0.jar:7.4.0]
	at java.base/java.util.concurrent.FutureTask.run(FutureTask.java:264) [?:?]
	at java.base/java.util.concurrent.ThreadPoolExecutor.runWorker(ThreadPoolExecutor.java:1136) [?:?]
	at java.base/java.util.concurrent.ThreadPoolExecutor$Worker.run(ThreadPoolExecutor.java:635) [?:?]
	at java.base/java.lang.Thread.run(Thread.java:842) [?:?]
2025-01-06 11:00:38.036 [TestNG-tests-2] INFO  testCases.HomePageTest - Test HomePage_text started
2025-01-06 11:00:38.122 [TestNG-tests-2] INFO  testCases.HomePageTest - Test passed - HomePage_text validation successful
2025-01-06 11:00:38.122 [TestNG-tests-2] INFO  testCases.HomePageTest - Test passed - HomePage_text validation successful
2025-01-06 11:00:38.123 [TestNG-tests-2] INFO  testCases.HomePageTest - Test passed - HomePage_text validation successful
2025-01-06 11:01:43.145 [TestNG-tests-1] INFO  testCases.HomePageTest - Test HomePage_text started
2025-01-06 11:01:43.190 [TestNG-tests-1] INFO  testCases.HomePageTest - Test passed - HomePage_text validation successful
2025-01-06 11:01:43.191 [TestNG-tests-1] INFO  testCases.HomePageTest - Test passed - HomePage_text validation successful
2025-01-06 11:01:43.193 [TestNG-tests-1] ERROR testCases.HomePageTest - Test failed - HomePage_text validation failed
java.lang.AssertionError: expected [null] but found [Selenium Playground]
	at org.testng.Assert.fail(Assert.java:99) ~[testng-7.4.0.jar:7.4.0]
	at org.testng.Assert.failNotEquals(Assert.java:1037) ~[testng-7.4.0.jar:7.4.0]
	at org.testng.Assert.assertEqualsImpl(Assert.java:140) ~[testng-7.4.0.jar:7.4.0]
	at org.testng.Assert.assertEquals(Assert.java:122) ~[testng-7.4.0.jar:7.4.0]
	at org.testng.Assert.assertEquals(Assert.java:629) ~[testng-7.4.0.jar:7.4.0]
	at org.testng.Assert.assertEquals(Assert.java:639) ~[testng-7.4.0.jar:7.4.0]
	at testCases.HomePageTest.HomePage_text(HomePageTest.java:30) [test-classes/:?]
	at java.base/jdk.internal.reflect.NativeMethodAccessorImpl.invoke0(Native Method) ~[?:?]
	at java.base/jdk.internal.reflect.NativeMethodAccessorImpl.invoke(NativeMethodAccessorImpl.java:77) ~[?:?]
	at java.base/jdk.internal.reflect.DelegatingMethodAccessorImpl.invoke(DelegatingMethodAccessorImpl.java:43) ~[?:?]
	at java.base/java.lang.reflect.Method.invoke(Method.java:568) ~[?:?]
	at org.testng.internal.MethodInvocationHelper.invokeMethod(MethodInvocationHelper.java:133) [testng-7.4.0.jar:7.4.0]
	at org.testng.internal.TestInvoker.invokeMethod(TestInvoker.java:598) [testng-7.4.0.jar:7.4.0]
	at org.testng.internal.TestInvoker.invokeTestMethod(TestInvoker.java:173) [testng-7.4.0.jar:7.4.0]
	at org.testng.internal.MethodRunner.runInSequence(MethodRunner.java:46) [testng-7.4.0.jar:7.4.0]
	at org.testng.internal.TestInvoker$MethodInvocationAgent.invoke(TestInvoker.java:824) [testng-7.4.0.jar:7.4.0]
	at org.testng.internal.TestInvoker.invokeTestMethods(TestInvoker.java:146) [testng-7.4.0.jar:7.4.0]
	at org.testng.internal.TestMethodWorker.invokeTestMethods(TestMethodWorker.java:146) [testng-7.4.0.jar:7.4.0]
	at org.testng.internal.TestMethodWorker.run(TestMethodWorker.java:128) [testng-7.4.0.jar:7.4.0]
	at java.base/java.util.ArrayList.forEach(ArrayList.java:1511) [?:?]
	at org.testng.TestRunner.privateRun(TestRunner.java:794) [testng-7.4.0.jar:7.4.0]
	at org.testng.TestRunner.run(TestRunner.java:596) [testng-7.4.0.jar:7.4.0]
	at org.testng.SuiteRunner.runTest(SuiteRunner.java:377) [testng-7.4.0.jar:7.4.0]
	at org.testng.SuiteRunner.access$000(SuiteRunner.java:28) [testng-7.4.0.jar:7.4.0]
	at org.testng.SuiteRunner$SuiteWorker.run(SuiteRunner.java:418) [testng-7.4.0.jar:7.4.0]
	at org.testng.internal.thread.ThreadUtil.lambda$execute$0(ThreadUtil.java:64) [testng-7.4.0.jar:7.4.0]
	at java.base/java.util.concurrent.FutureTask.run(FutureTask.java:264) [?:?]
	at java.base/java.util.concurrent.ThreadPoolExecutor.runWorker(ThreadPoolExecutor.java:1136) [?:?]
	at java.base/java.util.concurrent.ThreadPoolExecutor$Worker.run(ThreadPoolExecutor.java:635) [?:?]
	at java.base/java.lang.Thread.run(Thread.java:842) [?:?]
2025-01-06 11:01:57.539 [TestNG-tests-2] INFO  testCases.HomePageTest - Test HomePage_text started
2025-01-06 11:01:57.578 [TestNG-tests-2] INFO  testCases.HomePageTest - Test passed - HomePage_text validation successful
2025-01-06 11:01:57.579 [TestNG-tests-2] INFO  testCases.HomePageTest - Test passed - HomePage_text validation successful
2025-01-06 11:01:57.579 [TestNG-tests-2] INFO  testCases.HomePageTest - Test passed - HomePage_text validation successful
2025-01-06 11:03:51.114 [TestNG-tests-1] INFO  testCases.HomePageTest - Test HomePage_text started
2025-01-06 11:03:51.157 [TestNG-tests-1] INFO  testCases.HomePageTest - Test passed - HomePage_text validation successful
2025-01-06 11:03:51.158 [TestNG-tests-1] INFO  testCases.HomePageTest - Test passed - HomePage_text validation successful
2025-01-06 11:03:51.162 [TestNG-tests-1] ERROR testCases.HomePageTest - Test failed - HomePage_text validation failed
java.lang.AssertionError: expected [null] but found [Selenium Playground]
	at org.testng.Assert.fail(Assert.java:99) ~[testng-7.4.0.jar:7.4.0]
	at org.testng.Assert.failNotEquals(Assert.java:1037) ~[testng-7.4.0.jar:7.4.0]
	at org.testng.Assert.assertEqualsImpl(Assert.java:140) ~[testng-7.4.0.jar:7.4.0]
	at org.testng.Assert.assertEquals(Assert.java:122) ~[testng-7.4.0.jar:7.4.0]
	at org.testng.Assert.assertEquals(Assert.java:629) ~[testng-7.4.0.jar:7.4.0]
	at org.testng.Assert.assertEquals(Assert.java:639) ~[testng-7.4.0.jar:7.4.0]
	at testCases.HomePageTest.HomePage_text(HomePageTest.java:30) [test-classes/:?]
	at java.base/jdk.internal.reflect.NativeMethodAccessorImpl.invoke0(Native Method) ~[?:?]
	at java.base/jdk.internal.reflect.NativeMethodAccessorImpl.invoke(NativeMethodAccessorImpl.java:77) ~[?:?]
	at java.base/jdk.internal.reflect.DelegatingMethodAccessorImpl.invoke(DelegatingMethodAccessorImpl.java:43) ~[?:?]
	at java.base/java.lang.reflect.Method.invoke(Method.java:568) ~[?:?]
	at org.testng.internal.MethodInvocationHelper.invokeMethod(MethodInvocationHelper.java:133) [testng-7.4.0.jar:7.4.0]
	at org.testng.internal.TestInvoker.invokeMethod(TestInvoker.java:598) [testng-7.4.0.jar:7.4.0]
	at org.testng.internal.TestInvoker.invokeTestMethod(TestInvoker.java:173) [testng-7.4.0.jar:7.4.0]
	at org.testng.internal.MethodRunner.runInSequence(MethodRunner.java:46) [testng-7.4.0.jar:7.4.0]
	at org.testng.internal.TestInvoker$MethodInvocationAgent.invoke(TestInvoker.java:824) [testng-7.4.0.jar:7.4.0]
	at org.testng.internal.TestInvoker.invokeTestMethods(TestInvoker.java:146) [testng-7.4.0.jar:7.4.0]
	at org.testng.internal.TestMethodWorker.invokeTestMethods(TestMethodWorker.java:146) [testng-7.4.0.jar:7.4.0]
	at org.testng.internal.TestMethodWorker.run(TestMethodWorker.java:128) [testng-7.4.0.jar:7.4.0]
	at java.base/java.util.ArrayList.forEach(ArrayList.java:1511) [?:?]
	at org.testng.TestRunner.privateRun(TestRunner.java:794) [testng-7.4.0.jar:7.4.0]
	at org.testng.TestRunner.run(TestRunner.java:596) [testng-7.4.0.jar:7.4.0]
	at org.testng.SuiteRunner.runTest(SuiteRunner.java:377) [testng-7.4.0.jar:7.4.0]
	at org.testng.SuiteRunner.access$000(SuiteRunner.java:28) [testng-7.4.0.jar:7.4.0]
	at org.testng.SuiteRunner$SuiteWorker.run(SuiteRunner.java:418) [testng-7.4.0.jar:7.4.0]
	at org.testng.internal.thread.ThreadUtil.lambda$execute$0(ThreadUtil.java:64) [testng-7.4.0.jar:7.4.0]
	at java.base/java.util.concurrent.FutureTask.run(FutureTask.java:264) [?:?]
	at java.base/java.util.concurrent.ThreadPoolExecutor.runWorker(ThreadPoolExecutor.java:1136) [?:?]
	at java.base/java.util.concurrent.ThreadPoolExecutor$Worker.run(ThreadPoolExecutor.java:635) [?:?]
	at java.base/java.lang.Thread.run(Thread.java:842) [?:?]
2025-01-06 11:04:03.943 [TestNG-tests-2] INFO  testCases.HomePageTest - Test HomePage_text started
2025-01-06 11:04:03.985 [TestNG-tests-2] INFO  testCases.HomePageTest - Test passed - HomePage_text validation successful
2025-01-06 11:04:03.985 [TestNG-tests-2] INFO  testCases.HomePageTest - Test passed - HomePage_text validation successful
2025-01-06 11:04:03.985 [TestNG-tests-2] INFO  testCases.HomePageTest - Test passed - HomePage_text validation successful
2025-01-06 11:04:47.779 [main] INFO  testCases.HomePageTest - Test HomePage_text started
2025-01-06 11:04:47.824 [main] INFO  testCases.HomePageTest - Test passed - HomePage_text validation successful
2025-01-06 11:04:47.824 [main] INFO  testCases.HomePageTest - Test passed - HomePage_text validation successful
2025-01-06 11:04:47.825 [main] INFO  testCases.HomePageTest - Test passed - HomePage_text validation successful
2025-01-06 11:06:53.947 [TestNG-tests-1] INFO  testCases.HomePageTest - Test HomePage_text started
2025-01-06 11:06:53.994 [TestNG-tests-1] INFO  testCases.HomePageTest - Test passed - HomePage_text validation successful
2025-01-06 11:06:53.995 [TestNG-tests-1] INFO  testCases.HomePageTest - Test passed - HomePage_text validation successful
2025-01-06 11:06:53.998 [TestNG-tests-1] ERROR testCases.HomePageTest - Test failed - HomePage_text validation failed
java.lang.AssertionError: expected [null] but found [Selenium Playground]
	at org.testng.Assert.fail(Assert.java:99) ~[testng-7.4.0.jar:7.4.0]
	at org.testng.Assert.failNotEquals(Assert.java:1037) ~[testng-7.4.0.jar:7.4.0]
	at org.testng.Assert.assertEqualsImpl(Assert.java:140) ~[testng-7.4.0.jar:7.4.0]
	at org.testng.Assert.assertEquals(Assert.java:122) ~[testng-7.4.0.jar:7.4.0]
	at org.testng.Assert.assertEquals(Assert.java:629) ~[testng-7.4.0.jar:7.4.0]
	at org.testng.Assert.assertEquals(Assert.java:639) ~[testng-7.4.0.jar:7.4.0]
	at testCases.HomePageTest.HomePage_text(HomePageTest.java:30) [test-classes/:?]
	at java.base/jdk.internal.reflect.NativeMethodAccessorImpl.invoke0(Native Method) ~[?:?]
	at java.base/jdk.internal.reflect.NativeMethodAccessorImpl.invoke(NativeMethodAccessorImpl.java:77) ~[?:?]
	at java.base/jdk.internal.reflect.DelegatingMethodAccessorImpl.invoke(DelegatingMethodAccessorImpl.java:43) ~[?:?]
	at java.base/java.lang.reflect.Method.invoke(Method.java:568) ~[?:?]
	at org.testng.internal.MethodInvocationHelper.invokeMethod(MethodInvocationHelper.java:133) [testng-7.4.0.jar:7.4.0]
	at org.testng.internal.TestInvoker.invokeMethod(TestInvoker.java:598) [testng-7.4.0.jar:7.4.0]
	at org.testng.internal.TestInvoker.invokeTestMethod(TestInvoker.java:173) [testng-7.4.0.jar:7.4.0]
	at org.testng.internal.MethodRunner.runInSequence(MethodRunner.java:46) [testng-7.4.0.jar:7.4.0]
	at org.testng.internal.TestInvoker$MethodInvocationAgent.invoke(TestInvoker.java:824) [testng-7.4.0.jar:7.4.0]
	at org.testng.internal.TestInvoker.invokeTestMethods(TestInvoker.java:146) [testng-7.4.0.jar:7.4.0]
	at org.testng.internal.TestMethodWorker.invokeTestMethods(TestMethodWorker.java:146) [testng-7.4.0.jar:7.4.0]
	at org.testng.internal.TestMethodWorker.run(TestMethodWorker.java:128) [testng-7.4.0.jar:7.4.0]
	at java.base/java.util.ArrayList.forEach(ArrayList.java:1511) [?:?]
	at org.testng.TestRunner.privateRun(TestRunner.java:794) [testng-7.4.0.jar:7.4.0]
	at org.testng.TestRunner.run(TestRunner.java:596) [testng-7.4.0.jar:7.4.0]
	at org.testng.SuiteRunner.runTest(SuiteRunner.java:377) [testng-7.4.0.jar:7.4.0]
	at org.testng.SuiteRunner.access$000(SuiteRunner.java:28) [testng-7.4.0.jar:7.4.0]
	at org.testng.SuiteRunner$SuiteWorker.run(SuiteRunner.java:418) [testng-7.4.0.jar:7.4.0]
	at org.testng.internal.thread.ThreadUtil.lambda$execute$0(ThreadUtil.java:64) [testng-7.4.0.jar:7.4.0]
	at java.base/java.util.concurrent.FutureTask.run(FutureTask.java:264) [?:?]
	at java.base/java.util.concurrent.ThreadPoolExecutor.runWorker(ThreadPoolExecutor.java:1136) [?:?]
	at java.base/java.util.concurrent.ThreadPoolExecutor$Worker.run(ThreadPoolExecutor.java:635) [?:?]
	at java.base/java.lang.Thread.run(Thread.java:842) [?:?]
2025-01-06 11:07:07.475 [TestNG-tests-2] INFO  testCases.HomePageTest - Test HomePage_text started
2025-01-06 11:07:07.558 [TestNG-tests-2] INFO  testCases.HomePageTest - Test passed - HomePage_text validation successful
2025-01-06 11:07:07.559 [TestNG-tests-2] INFO  testCases.HomePageTest - Test passed - HomePage_text validation successful
2025-01-06 11:07:07.559 [TestNG-tests-2] INFO  testCases.HomePageTest - Test passed - HomePage_text validation successful
2025-01-06 11:11:33.699 [main] INFO  testCases.HomePageTest - Test HomePage_text started
2025-01-06 11:11:33.755 [main] INFO  testCases.HomePageTest - Test passed - HomePage_text validation successful
2025-01-06 11:11:33.756 [main] INFO  testCases.HomePageTest - Test passed - HomePage_text validation successful
2025-01-06 11:11:33.758 [main] INFO  testCases.HomePageTest - Test passed - HomePage_text validation successful
