2024-12-17 12:34:05.458 [main] INFO  testCases.BasePageTest - after launching the web site
2024-12-17 12:34:05.525 [main] INFO  testCases.BasePageTest - before checking the page heading
2024-12-17 12:34:05.536 [main] ERROR testCases.BasePageTest - Assertion failed: Expected and Actual values do not match
java.lang.AssertionError: expected [null] but found [Selenium Playground]
	at org.testng.Assert.fail(Assert.java:99) ~[testng-7.4.0.jar:7.4.0]
	at org.testng.Assert.failNotEquals(Assert.java:1037) ~[testng-7.4.0.jar:7.4.0]
	at org.testng.Assert.assertEqualsImpl(Assert.java:140) ~[testng-7.4.0.jar:7.4.0]
	at org.testng.Assert.assertEquals(Assert.java:122) ~[testng-7.4.0.jar:7.4.0]
	at org.testng.Assert.assertEquals(Assert.java:629) ~[testng-7.4.0.jar:7.4.0]
	at org.testng.Assert.assertEquals(Assert.java:639) ~[testng-7.4.0.jar:7.4.0]
	at testCases.HomePageTest.HomePage_text(HomePageTest.java:35) [test-classes/:?]
	at java.base/jdk.internal.reflect.NativeMethodAccessorImpl.invoke0(Native Method) ~[?:?]
	at java.base/jdk.internal.reflect.NativeMethodAccessorImpl.invoke(NativeMethodAccessorImpl.java:77) ~[?:?]
	at java.base/jdk.internal.reflect.DelegatingMethodAccessorImpl.invoke(DelegatingMethodAccessorImpl.java:43) ~[?:?]
	at java.base/java.lang.reflect.Method.invoke(Method.java:568) ~[?:?]
	at org.testng.internal.MethodInvocationHelper.invokeMethod(MethodInvocationHelper.java:133) [testng-7.4.0.jar:7.4.0]
	at org.testng.internal.TestInvoker.invokeMethod(TestInvoker.java:598) [testng-7.4.0.jar:7.4.0]
	at org.testng.internal.TestInvoker.invokeTestMethod(TestInvoker.java:173) [testng-7.4.0.jar:7.4.0]
	at org.testng.internal.MethodRunner.runInSequence(MethodRunner.java:46) [testng-7.4.0.jar:7.4.0]
	at org.testng.internal.TestInvoker$MethodInvocationAgent.invoke(TestInvoker.java:824) [testng-7.4.0.jar:7.4.0]
	at org.testng.internal.TestInvoker.invokeTestMethods(TestInvoker.java:146) [testng-7.4.0.jar:7.4.0]
	at org.testng.internal.TestMethodWorker.invokeTestMethods(TestMethodWorker.java:146) [testng-7.4.0.jar:7.4.0]
	at org.testng.internal.TestMethodWorker.run(TestMethodWorker.java:128) [testng-7.4.0.jar:7.4.0]
	at java.base/java.util.ArrayList.forEach(ArrayList.java:1511) [?:?]
	at org.testng.TestRunner.privateRun(TestRunner.java:794) [testng-7.4.0.jar:7.4.0]
	at org.testng.TestRunner.run(TestRunner.java:596) [testng-7.4.0.jar:7.4.0]
	at org.testng.SuiteRunner.runTest(SuiteRunner.java:377) [testng-7.4.0.jar:7.4.0]
	at org.testng.SuiteRunner.runSequentially(SuiteRunner.java:371) [testng-7.4.0.jar:7.4.0]
	at org.testng.SuiteRunner.privateRun(SuiteRunner.java:332) [testng-7.4.0.jar:7.4.0]
	at org.testng.SuiteRunner.run(SuiteRunner.java:276) [testng-7.4.0.jar:7.4.0]
	at org.testng.SuiteRunnerWorker.runSuite(SuiteRunnerWorker.java:53) [testng-7.4.0.jar:7.4.0]
	at org.testng.SuiteRunnerWorker.run(SuiteRunnerWorker.java:96) [testng-7.4.0.jar:7.4.0]
	at org.testng.TestNG.runSuitesSequentially(TestNG.java:1212) [testng-7.4.0.jar:7.4.0]
	at org.testng.TestNG.runSuitesLocally(TestNG.java:1134) [testng-7.4.0.jar:7.4.0]
	at org.testng.TestNG.runSuites(TestNG.java:1063) [testng-7.4.0.jar:7.4.0]
	at org.testng.TestNG.run(TestNG.java:1031) [testng-7.4.0.jar:7.4.0]
	at com.intellij.rt.testng.IDEARemoteTestNG.run(IDEARemoteTestNG.java:65) [testng-rt.jar:?]
	at com.intellij.rt.testng.RemoteTestNGStarter.main(RemoteTestNGStarter.java:105) [testng-rt.jar:?]
2024-12-17 12:36:34.009 [main] INFO  testCases.BasePageTest - after launching the web site
2024-12-17 12:36:34.097 [main] INFO  testCases.BasePageTest - before checking the page heading
2024-12-17 12:36:34.108 [main] ERROR testCases.BasePageTest - Assertion failed: Expected and Actual values do not match
java.lang.AssertionError: expected [null] but found [Selenium Playground]
	at org.testng.Assert.fail(Assert.java:99) ~[testng-7.4.0.jar:7.4.0]
	at org.testng.Assert.failNotEquals(Assert.java:1037) ~[testng-7.4.0.jar:7.4.0]
	at org.testng.Assert.assertEqualsImpl(Assert.java:140) ~[testng-7.4.0.jar:7.4.0]
	at org.testng.Assert.assertEquals(Assert.java:122) ~[testng-7.4.0.jar:7.4.0]
	at org.testng.Assert.assertEquals(Assert.java:629) ~[testng-7.4.0.jar:7.4.0]
	at org.testng.Assert.assertEquals(Assert.java:639) ~[testng-7.4.0.jar:7.4.0]
	at testCases.HomePageTest.HomePage_text(HomePageTest.java:35) [test-classes/:?]
	at java.base/jdk.internal.reflect.NativeMethodAccessorImpl.invoke0(Native Method) ~[?:?]
	at java.base/jdk.internal.reflect.NativeMethodAccessorImpl.invoke(NativeMethodAccessorImpl.java:77) ~[?:?]
	at java.base/jdk.internal.reflect.DelegatingMethodAccessorImpl.invoke(DelegatingMethodAccessorImpl.java:43) ~[?:?]
	at java.base/java.lang.reflect.Method.invoke(Method.java:568) ~[?:?]
	at org.testng.internal.MethodInvocationHelper.invokeMethod(MethodInvocationHelper.java:133) [testng-7.4.0.jar:7.4.0]
	at org.testng.internal.TestInvoker.invokeMethod(TestInvoker.java:598) [testng-7.4.0.jar:7.4.0]
	at org.testng.internal.TestInvoker.invokeTestMethod(TestInvoker.java:173) [testng-7.4.0.jar:7.4.0]
	at org.testng.internal.MethodRunner.runInSequence(MethodRunner.java:46) [testng-7.4.0.jar:7.4.0]
	at org.testng.internal.TestInvoker$MethodInvocationAgent.invoke(TestInvoker.java:824) [testng-7.4.0.jar:7.4.0]
	at org.testng.internal.TestInvoker.invokeTestMethods(TestInvoker.java:146) [testng-7.4.0.jar:7.4.0]
	at org.testng.internal.TestMethodWorker.invokeTestMethods(TestMethodWorker.java:146) [testng-7.4.0.jar:7.4.0]
	at org.testng.internal.TestMethodWorker.run(TestMethodWorker.java:128) [testng-7.4.0.jar:7.4.0]
	at java.base/java.util.ArrayList.forEach(ArrayList.java:1511) [?:?]
	at org.testng.TestRunner.privateRun(TestRunner.java:794) [testng-7.4.0.jar:7.4.0]
	at org.testng.TestRunner.run(TestRunner.java:596) [testng-7.4.0.jar:7.4.0]
	at org.testng.SuiteRunner.runTest(SuiteRunner.java:377) [testng-7.4.0.jar:7.4.0]
	at org.testng.SuiteRunner.runSequentially(SuiteRunner.java:371) [testng-7.4.0.jar:7.4.0]
	at org.testng.SuiteRunner.privateRun(SuiteRunner.java:332) [testng-7.4.0.jar:7.4.0]
	at org.testng.SuiteRunner.run(SuiteRunner.java:276) [testng-7.4.0.jar:7.4.0]
	at org.testng.SuiteRunnerWorker.runSuite(SuiteRunnerWorker.java:53) [testng-7.4.0.jar:7.4.0]
	at org.testng.SuiteRunnerWorker.run(SuiteRunnerWorker.java:96) [testng-7.4.0.jar:7.4.0]
	at org.testng.TestNG.runSuitesSequentially(TestNG.java:1212) [testng-7.4.0.jar:7.4.0]
	at org.testng.TestNG.runSuitesLocally(TestNG.java:1134) [testng-7.4.0.jar:7.4.0]
	at org.testng.TestNG.runSuites(TestNG.java:1063) [testng-7.4.0.jar:7.4.0]
	at org.testng.TestNG.run(TestNG.java:1031) [testng-7.4.0.jar:7.4.0]
	at com.intellij.rt.testng.IDEARemoteTestNG.run(IDEARemoteTestNG.java:65) [testng-rt.jar:?]
	at com.intellij.rt.testng.RemoteTestNGStarter.main(RemoteTestNGStarter.java:105) [testng-rt.jar:?]
2024-12-17 12:38:16.488 [main] INFO  testCases.BasePageTest - after launching the web site
2024-12-17 12:38:16.542 [main] INFO  testCases.BasePageTest - before checking the page heading
2024-12-17 12:38:16.550 [main] ERROR testCases.BasePageTest - Assertion failed: Expected and Actual values do not match
java.lang.AssertionError: expected [null] but found [Selenium Playground]
	at org.testng.Assert.fail(Assert.java:99) ~[testng-7.4.0.jar:7.4.0]
	at org.testng.Assert.failNotEquals(Assert.java:1037) ~[testng-7.4.0.jar:7.4.0]
	at org.testng.Assert.assertEqualsImpl(Assert.java:140) ~[testng-7.4.0.jar:7.4.0]
	at org.testng.Assert.assertEquals(Assert.java:122) ~[testng-7.4.0.jar:7.4.0]
	at org.testng.Assert.assertEquals(Assert.java:629) ~[testng-7.4.0.jar:7.4.0]
	at org.testng.Assert.assertEquals(Assert.java:639) ~[testng-7.4.0.jar:7.4.0]
	at testCases.HomePageTest.HomePage_text(HomePageTest.java:35) [test-classes/:?]
	at java.base/jdk.internal.reflect.NativeMethodAccessorImpl.invoke0(Native Method) ~[?:?]
	at java.base/jdk.internal.reflect.NativeMethodAccessorImpl.invoke(NativeMethodAccessorImpl.java:77) ~[?:?]
	at java.base/jdk.internal.reflect.DelegatingMethodAccessorImpl.invoke(DelegatingMethodAccessorImpl.java:43) ~[?:?]
	at java.base/java.lang.reflect.Method.invoke(Method.java:568) ~[?:?]
	at org.testng.internal.MethodInvocationHelper.invokeMethod(MethodInvocationHelper.java:133) [testng-7.4.0.jar:7.4.0]
	at org.testng.internal.TestInvoker.invokeMethod(TestInvoker.java:598) [testng-7.4.0.jar:7.4.0]
	at org.testng.internal.TestInvoker.invokeTestMethod(TestInvoker.java:173) [testng-7.4.0.jar:7.4.0]
	at org.testng.internal.MethodRunner.runInSequence(MethodRunner.java:46) [testng-7.4.0.jar:7.4.0]
	at org.testng.internal.TestInvoker$MethodInvocationAgent.invoke(TestInvoker.java:824) [testng-7.4.0.jar:7.4.0]
	at org.testng.internal.TestInvoker.invokeTestMethods(TestInvoker.java:146) [testng-7.4.0.jar:7.4.0]
	at org.testng.internal.TestMethodWorker.invokeTestMethods(TestMethodWorker.java:146) [testng-7.4.0.jar:7.4.0]
	at org.testng.internal.TestMethodWorker.run(TestMethodWorker.java:128) [testng-7.4.0.jar:7.4.0]
	at java.base/java.util.ArrayList.forEach(ArrayList.java:1511) [?:?]
	at org.testng.TestRunner.privateRun(TestRunner.java:794) [testng-7.4.0.jar:7.4.0]
	at org.testng.TestRunner.run(TestRunner.java:596) [testng-7.4.0.jar:7.4.0]
	at org.testng.SuiteRunner.runTest(SuiteRunner.java:377) [testng-7.4.0.jar:7.4.0]
	at org.testng.SuiteRunner.runSequentially(SuiteRunner.java:371) [testng-7.4.0.jar:7.4.0]
	at org.testng.SuiteRunner.privateRun(SuiteRunner.java:332) [testng-7.4.0.jar:7.4.0]
	at org.testng.SuiteRunner.run(SuiteRunner.java:276) [testng-7.4.0.jar:7.4.0]
	at org.testng.SuiteRunnerWorker.runSuite(SuiteRunnerWorker.java:53) [testng-7.4.0.jar:7.4.0]
	at org.testng.SuiteRunnerWorker.run(SuiteRunnerWorker.java:96) [testng-7.4.0.jar:7.4.0]
	at org.testng.TestNG.runSuitesSequentially(TestNG.java:1212) [testng-7.4.0.jar:7.4.0]
	at org.testng.TestNG.runSuitesLocally(TestNG.java:1134) [testng-7.4.0.jar:7.4.0]
	at org.testng.TestNG.runSuites(TestNG.java:1063) [testng-7.4.0.jar:7.4.0]
	at org.testng.TestNG.run(TestNG.java:1031) [testng-7.4.0.jar:7.4.0]
	at com.intellij.rt.testng.IDEARemoteTestNG.run(IDEARemoteTestNG.java:65) [testng-rt.jar:?]
	at com.intellij.rt.testng.RemoteTestNGStarter.main(RemoteTestNGStarter.java:105) [testng-rt.jar:?]
2024-12-17 12:51:28.039 [main] INFO  testCases.BasePageTest - after launching the web site
2024-12-17 12:51:28.097 [main] INFO  testCases.BasePageTest - before checking the page heading
2024-12-17 12:51:28.106 [main] ERROR testCases.BasePageTest - Assertion failed: Expected and Actual values do not match
java.lang.AssertionError: expected [null] but found [Selenium Playground]
	at org.testng.Assert.fail(Assert.java:99) ~[testng-7.4.0.jar:7.4.0]
	at org.testng.Assert.failNotEquals(Assert.java:1037) ~[testng-7.4.0.jar:7.4.0]
	at org.testng.Assert.assertEqualsImpl(Assert.java:140) ~[testng-7.4.0.jar:7.4.0]
	at org.testng.Assert.assertEquals(Assert.java:122) ~[testng-7.4.0.jar:7.4.0]
	at org.testng.Assert.assertEquals(Assert.java:629) ~[testng-7.4.0.jar:7.4.0]
	at org.testng.Assert.assertEquals(Assert.java:639) ~[testng-7.4.0.jar:7.4.0]
	at testCases.HomePageTest.HomePage_text(HomePageTest.java:35) [test-classes/:?]
	at java.base/jdk.internal.reflect.NativeMethodAccessorImpl.invoke0(Native Method) ~[?:?]
	at java.base/jdk.internal.reflect.NativeMethodAccessorImpl.invoke(NativeMethodAccessorImpl.java:77) ~[?:?]
	at java.base/jdk.internal.reflect.DelegatingMethodAccessorImpl.invoke(DelegatingMethodAccessorImpl.java:43) ~[?:?]
	at java.base/java.lang.reflect.Method.invoke(Method.java:568) ~[?:?]
	at org.testng.internal.MethodInvocationHelper.invokeMethod(MethodInvocationHelper.java:133) [testng-7.4.0.jar:7.4.0]
	at org.testng.internal.TestInvoker.invokeMethod(TestInvoker.java:598) [testng-7.4.0.jar:7.4.0]
	at org.testng.internal.TestInvoker.invokeTestMethod(TestInvoker.java:173) [testng-7.4.0.jar:7.4.0]
	at org.testng.internal.MethodRunner.runInSequence(MethodRunner.java:46) [testng-7.4.0.jar:7.4.0]
	at org.testng.internal.TestInvoker$MethodInvocationAgent.invoke(TestInvoker.java:824) [testng-7.4.0.jar:7.4.0]
	at org.testng.internal.TestInvoker.invokeTestMethods(TestInvoker.java:146) [testng-7.4.0.jar:7.4.0]
	at org.testng.internal.TestMethodWorker.invokeTestMethods(TestMethodWorker.java:146) [testng-7.4.0.jar:7.4.0]
	at org.testng.internal.TestMethodWorker.run(TestMethodWorker.java:128) [testng-7.4.0.jar:7.4.0]
	at java.base/java.util.ArrayList.forEach(ArrayList.java:1511) [?:?]
	at org.testng.TestRunner.privateRun(TestRunner.java:794) [testng-7.4.0.jar:7.4.0]
	at org.testng.TestRunner.run(TestRunner.java:596) [testng-7.4.0.jar:7.4.0]
	at org.testng.SuiteRunner.runTest(SuiteRunner.java:377) [testng-7.4.0.jar:7.4.0]
	at org.testng.SuiteRunner.runSequentially(SuiteRunner.java:371) [testng-7.4.0.jar:7.4.0]
	at org.testng.SuiteRunner.privateRun(SuiteRunner.java:332) [testng-7.4.0.jar:7.4.0]
	at org.testng.SuiteRunner.run(SuiteRunner.java:276) [testng-7.4.0.jar:7.4.0]
	at org.testng.SuiteRunnerWorker.runSuite(SuiteRunnerWorker.java:53) [testng-7.4.0.jar:7.4.0]
	at org.testng.SuiteRunnerWorker.run(SuiteRunnerWorker.java:96) [testng-7.4.0.jar:7.4.0]
	at org.testng.TestNG.runSuitesSequentially(TestNG.java:1212) [testng-7.4.0.jar:7.4.0]
	at org.testng.TestNG.runSuitesLocally(TestNG.java:1134) [testng-7.4.0.jar:7.4.0]
	at org.testng.TestNG.runSuites(TestNG.java:1063) [testng-7.4.0.jar:7.4.0]
	at org.testng.TestNG.run(TestNG.java:1031) [testng-7.4.0.jar:7.4.0]
	at com.intellij.rt.testng.IDEARemoteTestNG.run(IDEARemoteTestNG.java:65) [testng-rt.jar:?]
	at com.intellij.rt.testng.RemoteTestNGStarter.main(RemoteTestNGStarter.java:105) [testng-rt.jar:?]
2024-12-17 14:11:02.837 [main] INFO  testCases.HomePageTest - Test HomePage_text started
2024-12-17 14:11:02.897 [main] INFO  testCases.HomePageTest - Test passed - HomePage_text validation successful
2024-12-17 14:11:02.897 [main] INFO  testCases.HomePageTest - Test passed - HomePage_text validation successful
2024-12-17 14:11:02.899 [main] INFO  testCases.HomePageTest - Test passed - HomePage_text validation successful
2024-12-17 20:24:53.932 [main] INFO  testCases.HomePageTest - Test HomePage_text started
2024-12-17 20:24:54.064 [main] INFO  testCases.HomePageTest - Test passed - HomePage_text validation successful
2024-12-17 20:24:54.064 [main] INFO  testCases.HomePageTest - Test passed - HomePage_text validation successful
2024-12-17 20:24:54.068 [main] INFO  testCases.HomePageTest - Test passed - HomePage_text validation successful
2024-12-17 20:26:05.365 [main] INFO  testCases.HomePageTest - Test HomePage_text started
2024-12-17 20:26:05.458 [main] INFO  testCases.HomePageTest - Test passed - HomePage_text validation successful
2024-12-17 20:26:05.459 [main] INFO  testCases.HomePageTest - Test passed - HomePage_text validation successful
2024-12-17 20:26:05.461 [main] ERROR testCases.HomePageTest - Test failed - HomePage_text validation failed
java.lang.AssertionError: expected [Selenium Playground] but found [SeleniumPlayground]
	at org.testng.Assert.fail(Assert.java:99) ~[testng-7.4.0.jar:7.4.0]
	at org.testng.Assert.failNotEquals(Assert.java:1037) ~[testng-7.4.0.jar:7.4.0]
	at org.testng.Assert.assertEqualsImpl(Assert.java:140) ~[testng-7.4.0.jar:7.4.0]
	at org.testng.Assert.assertEquals(Assert.java:122) ~[testng-7.4.0.jar:7.4.0]
	at org.testng.Assert.assertEquals(Assert.java:629) ~[testng-7.4.0.jar:7.4.0]
	at org.testng.Assert.assertEquals(Assert.java:639) ~[testng-7.4.0.jar:7.4.0]
	at testCases.HomePageTest.HomePage_text(HomePageTest.java:36) [test-classes/:?]
	at java.base/jdk.internal.reflect.NativeMethodAccessorImpl.invoke0(Native Method) ~[?:?]
	at java.base/jdk.internal.reflect.NativeMethodAccessorImpl.invoke(NativeMethodAccessorImpl.java:77) ~[?:?]
	at java.base/jdk.internal.reflect.DelegatingMethodAccessorImpl.invoke(DelegatingMethodAccessorImpl.java:43) ~[?:?]
	at java.base/java.lang.reflect.Method.invoke(Method.java:568) ~[?:?]
	at org.testng.internal.MethodInvocationHelper.invokeMethod(MethodInvocationHelper.java:133) [testng-7.4.0.jar:7.4.0]
	at org.testng.internal.TestInvoker.invokeMethod(TestInvoker.java:598) [testng-7.4.0.jar:7.4.0]
	at org.testng.internal.TestInvoker.invokeTestMethod(TestInvoker.java:173) [testng-7.4.0.jar:7.4.0]
	at org.testng.internal.MethodRunner.runInSequence(MethodRunner.java:46) [testng-7.4.0.jar:7.4.0]
	at org.testng.internal.TestInvoker$MethodInvocationAgent.invoke(TestInvoker.java:824) [testng-7.4.0.jar:7.4.0]
	at org.testng.internal.TestInvoker.invokeTestMethods(TestInvoker.java:146) [testng-7.4.0.jar:7.4.0]
	at org.testng.internal.TestMethodWorker.invokeTestMethods(TestMethodWorker.java:146) [testng-7.4.0.jar:7.4.0]
	at org.testng.internal.TestMethodWorker.run(TestMethodWorker.java:128) [testng-7.4.0.jar:7.4.0]
	at java.base/java.util.ArrayList.forEach(ArrayList.java:1511) [?:?]
	at org.testng.TestRunner.privateRun(TestRunner.java:794) [testng-7.4.0.jar:7.4.0]
	at org.testng.TestRunner.run(TestRunner.java:596) [testng-7.4.0.jar:7.4.0]
	at org.testng.SuiteRunner.runTest(SuiteRunner.java:377) [testng-7.4.0.jar:7.4.0]
	at org.testng.SuiteRunner.runSequentially(SuiteRunner.java:371) [testng-7.4.0.jar:7.4.0]
	at org.testng.SuiteRunner.privateRun(SuiteRunner.java:332) [testng-7.4.0.jar:7.4.0]
	at org.testng.SuiteRunner.run(SuiteRunner.java:276) [testng-7.4.0.jar:7.4.0]
	at org.testng.SuiteRunnerWorker.runSuite(SuiteRunnerWorker.java:53) [testng-7.4.0.jar:7.4.0]
	at org.testng.SuiteRunnerWorker.run(SuiteRunnerWorker.java:96) [testng-7.4.0.jar:7.4.0]
	at org.testng.TestNG.runSuitesSequentially(TestNG.java:1212) [testng-7.4.0.jar:7.4.0]
	at org.testng.TestNG.runSuitesLocally(TestNG.java:1134) [testng-7.4.0.jar:7.4.0]
	at org.testng.TestNG.runSuites(TestNG.java:1063) [testng-7.4.0.jar:7.4.0]
	at org.testng.TestNG.run(TestNG.java:1031) [testng-7.4.0.jar:7.4.0]
	at com.intellij.rt.testng.IDEARemoteTestNG.run(IDEARemoteTestNG.java:65) [testng-rt.jar:?]
	at com.intellij.rt.testng.RemoteTestNGStarter.main(RemoteTestNGStarter.java:105) [testng-rt.jar:?]
2024-12-17 20:26:53.917 [main] INFO  testCases.HomePageTest - Test HomePage_text started
2024-12-17 20:26:54.033 [main] INFO  testCases.HomePageTest - Test passed - HomePage_text validation successful
2024-12-17 20:26:54.033 [main] INFO  testCases.HomePageTest - Test passed - HomePage_text validation successful
2024-12-17 20:26:54.039 [main] ERROR testCases.HomePageTest - Test failed - HomePage_text validation failed
java.lang.AssertionError: expected [Selenium Playground] but found [SeleniumPlayground]
	at org.testng.Assert.fail(Assert.java:99) ~[testng-7.4.0.jar:7.4.0]
	at org.testng.Assert.failNotEquals(Assert.java:1037) ~[testng-7.4.0.jar:7.4.0]
	at org.testng.Assert.assertEqualsImpl(Assert.java:140) ~[testng-7.4.0.jar:7.4.0]
	at org.testng.Assert.assertEquals(Assert.java:122) ~[testng-7.4.0.jar:7.4.0]
	at org.testng.Assert.assertEquals(Assert.java:629) ~[testng-7.4.0.jar:7.4.0]
	at org.testng.Assert.assertEquals(Assert.java:639) ~[testng-7.4.0.jar:7.4.0]
	at testCases.HomePageTest.HomePage_text(HomePageTest.java:36) [test-classes/:?]
	at java.base/jdk.internal.reflect.NativeMethodAccessorImpl.invoke0(Native Method) ~[?:?]
	at java.base/jdk.internal.reflect.NativeMethodAccessorImpl.invoke(NativeMethodAccessorImpl.java:77) ~[?:?]
	at java.base/jdk.internal.reflect.DelegatingMethodAccessorImpl.invoke(DelegatingMethodAccessorImpl.java:43) ~[?:?]
	at java.base/java.lang.reflect.Method.invoke(Method.java:568) ~[?:?]
	at org.testng.internal.MethodInvocationHelper.invokeMethod(MethodInvocationHelper.java:133) [testng-7.4.0.jar:7.4.0]
	at org.testng.internal.TestInvoker.invokeMethod(TestInvoker.java:598) [testng-7.4.0.jar:7.4.0]
	at org.testng.internal.TestInvoker.invokeTestMethod(TestInvoker.java:173) [testng-7.4.0.jar:7.4.0]
	at org.testng.internal.MethodRunner.runInSequence(MethodRunner.java:46) [testng-7.4.0.jar:7.4.0]
	at org.testng.internal.TestInvoker$MethodInvocationAgent.invoke(TestInvoker.java:824) [testng-7.4.0.jar:7.4.0]
	at org.testng.internal.TestInvoker.invokeTestMethods(TestInvoker.java:146) [testng-7.4.0.jar:7.4.0]
	at org.testng.internal.TestMethodWorker.invokeTestMethods(TestMethodWorker.java:146) [testng-7.4.0.jar:7.4.0]
	at org.testng.internal.TestMethodWorker.run(TestMethodWorker.java:128) [testng-7.4.0.jar:7.4.0]
	at java.base/java.util.ArrayList.forEach(ArrayList.java:1511) [?:?]
	at org.testng.TestRunner.privateRun(TestRunner.java:794) [testng-7.4.0.jar:7.4.0]
	at org.testng.TestRunner.run(TestRunner.java:596) [testng-7.4.0.jar:7.4.0]
	at org.testng.SuiteRunner.runTest(SuiteRunner.java:377) [testng-7.4.0.jar:7.4.0]
	at org.testng.SuiteRunner.runSequentially(SuiteRunner.java:371) [testng-7.4.0.jar:7.4.0]
	at org.testng.SuiteRunner.privateRun(SuiteRunner.java:332) [testng-7.4.0.jar:7.4.0]
	at org.testng.SuiteRunner.run(SuiteRunner.java:276) [testng-7.4.0.jar:7.4.0]
	at org.testng.SuiteRunnerWorker.runSuite(SuiteRunnerWorker.java:53) [testng-7.4.0.jar:7.4.0]
	at org.testng.SuiteRunnerWorker.run(SuiteRunnerWorker.java:96) [testng-7.4.0.jar:7.4.0]
	at org.testng.TestNG.runSuitesSequentially(TestNG.java:1212) [testng-7.4.0.jar:7.4.0]
	at org.testng.TestNG.runSuitesLocally(TestNG.java:1134) [testng-7.4.0.jar:7.4.0]
	at org.testng.TestNG.runSuites(TestNG.java:1063) [testng-7.4.0.jar:7.4.0]
	at org.testng.TestNG.run(TestNG.java:1031) [testng-7.4.0.jar:7.4.0]
	at com.intellij.rt.testng.IDEARemoteTestNG.run(IDEARemoteTestNG.java:65) [testng-rt.jar:?]
	at com.intellij.rt.testng.RemoteTestNGStarter.main(RemoteTestNGStarter.java:105) [testng-rt.jar:?]
2024-12-17 20:27:26.297 [main] INFO  testCases.HomePageTest - Test HomePage_text started
2024-12-17 20:27:26.406 [main] INFO  testCases.HomePageTest - Test passed - HomePage_text validation successful
2024-12-17 20:27:26.407 [main] INFO  testCases.HomePageTest - Test passed - HomePage_text validation successful
2024-12-17 20:27:26.410 [main] INFO  testCases.HomePageTest - Test passed - HomePage_text validation successful
2024-12-17 20:28:50.120 [main] INFO  testCases.HomePageTest - Test HomePage_text started
2024-12-17 20:28:50.224 [main] INFO  testCases.HomePageTest - Test passed - HomePage_text validation successful
2024-12-17 20:28:50.225 [main] INFO  testCases.HomePageTest - Test passed - HomePage_text validation successful
2024-12-17 20:28:50.228 [main] ERROR testCases.HomePageTest - Test failed - HomePage_text validation failed
java.lang.AssertionError: expected [Selenium Playground] but found [SeleniumPlayground]
	at org.testng.Assert.fail(Assert.java:99) ~[testng-7.4.0.jar:7.4.0]
	at org.testng.Assert.failNotEquals(Assert.java:1037) ~[testng-7.4.0.jar:7.4.0]
	at org.testng.Assert.assertEqualsImpl(Assert.java:140) ~[testng-7.4.0.jar:7.4.0]
	at org.testng.Assert.assertEquals(Assert.java:122) ~[testng-7.4.0.jar:7.4.0]
	at org.testng.Assert.assertEquals(Assert.java:629) ~[testng-7.4.0.jar:7.4.0]
	at org.testng.Assert.assertEquals(Assert.java:639) ~[testng-7.4.0.jar:7.4.0]
	at testCases.HomePageTest.HomePage_text(HomePageTest.java:36) [test-classes/:?]
	at java.base/jdk.internal.reflect.NativeMethodAccessorImpl.invoke0(Native Method) ~[?:?]
	at java.base/jdk.internal.reflect.NativeMethodAccessorImpl.invoke(NativeMethodAccessorImpl.java:77) ~[?:?]
	at java.base/jdk.internal.reflect.DelegatingMethodAccessorImpl.invoke(DelegatingMethodAccessorImpl.java:43) ~[?:?]
	at java.base/java.lang.reflect.Method.invoke(Method.java:568) ~[?:?]
	at org.testng.internal.MethodInvocationHelper.invokeMethod(MethodInvocationHelper.java:133) [testng-7.4.0.jar:7.4.0]
	at org.testng.internal.TestInvoker.invokeMethod(TestInvoker.java:598) [testng-7.4.0.jar:7.4.0]
	at org.testng.internal.TestInvoker.invokeTestMethod(TestInvoker.java:173) [testng-7.4.0.jar:7.4.0]
	at org.testng.internal.MethodRunner.runInSequence(MethodRunner.java:46) [testng-7.4.0.jar:7.4.0]
	at org.testng.internal.TestInvoker$MethodInvocationAgent.invoke(TestInvoker.java:824) [testng-7.4.0.jar:7.4.0]
	at org.testng.internal.TestInvoker.invokeTestMethods(TestInvoker.java:146) [testng-7.4.0.jar:7.4.0]
	at org.testng.internal.TestMethodWorker.invokeTestMethods(TestMethodWorker.java:146) [testng-7.4.0.jar:7.4.0]
	at org.testng.internal.TestMethodWorker.run(TestMethodWorker.java:128) [testng-7.4.0.jar:7.4.0]
	at java.base/java.util.ArrayList.forEach(ArrayList.java:1511) [?:?]
	at org.testng.TestRunner.privateRun(TestRunner.java:794) [testng-7.4.0.jar:7.4.0]
	at org.testng.TestRunner.run(TestRunner.java:596) [testng-7.4.0.jar:7.4.0]
	at org.testng.SuiteRunner.runTest(SuiteRunner.java:377) [testng-7.4.0.jar:7.4.0]
	at org.testng.SuiteRunner.runSequentially(SuiteRunner.java:371) [testng-7.4.0.jar:7.4.0]
	at org.testng.SuiteRunner.privateRun(SuiteRunner.java:332) [testng-7.4.0.jar:7.4.0]
	at org.testng.SuiteRunner.run(SuiteRunner.java:276) [testng-7.4.0.jar:7.4.0]
	at org.testng.SuiteRunnerWorker.runSuite(SuiteRunnerWorker.java:53) [testng-7.4.0.jar:7.4.0]
	at org.testng.SuiteRunnerWorker.run(SuiteRunnerWorker.java:96) [testng-7.4.0.jar:7.4.0]
	at org.testng.TestNG.runSuitesSequentially(TestNG.java:1212) [testng-7.4.0.jar:7.4.0]
	at org.testng.TestNG.runSuitesLocally(TestNG.java:1134) [testng-7.4.0.jar:7.4.0]
	at org.testng.TestNG.runSuites(TestNG.java:1063) [testng-7.4.0.jar:7.4.0]
	at org.testng.TestNG.run(TestNG.java:1031) [testng-7.4.0.jar:7.4.0]
	at com.intellij.rt.testng.IDEARemoteTestNG.run(IDEARemoteTestNG.java:65) [testng-rt.jar:?]
	at com.intellij.rt.testng.RemoteTestNGStarter.main(RemoteTestNGStarter.java:105) [testng-rt.jar:?]
2024-12-17 20:38:20.622 [main] INFO  testCases.HomePageTest - Test HomePage_text started
2024-12-17 20:38:20.724 [main] INFO  testCases.HomePageTest - Test passed - HomePage_text validation successful
2024-12-17 20:38:20.725 [main] INFO  testCases.HomePageTest - Test passed - HomePage_text validation successful
2024-12-17 20:38:20.729 [main] ERROR testCases.HomePageTest - Test failed - HomePage_text validation failed
java.lang.AssertionError: expected [Selenium Playground] but found [SeleniumPlayground]
	at org.testng.Assert.fail(Assert.java:99) ~[testng-7.4.0.jar:7.4.0]
	at org.testng.Assert.failNotEquals(Assert.java:1037) ~[testng-7.4.0.jar:7.4.0]
	at org.testng.Assert.assertEqualsImpl(Assert.java:140) ~[testng-7.4.0.jar:7.4.0]
	at org.testng.Assert.assertEquals(Assert.java:122) ~[testng-7.4.0.jar:7.4.0]
	at org.testng.Assert.assertEquals(Assert.java:629) ~[testng-7.4.0.jar:7.4.0]
	at org.testng.Assert.assertEquals(Assert.java:639) ~[testng-7.4.0.jar:7.4.0]
	at testCases.HomePageTest.HomePage_text(HomePageTest.java:36) [test-classes/:?]
	at java.base/jdk.internal.reflect.NativeMethodAccessorImpl.invoke0(Native Method) ~[?:?]
	at java.base/jdk.internal.reflect.NativeMethodAccessorImpl.invoke(NativeMethodAccessorImpl.java:77) ~[?:?]
	at java.base/jdk.internal.reflect.DelegatingMethodAccessorImpl.invoke(DelegatingMethodAccessorImpl.java:43) ~[?:?]
	at java.base/java.lang.reflect.Method.invoke(Method.java:568) ~[?:?]
	at org.testng.internal.MethodInvocationHelper.invokeMethod(MethodInvocationHelper.java:133) [testng-7.4.0.jar:7.4.0]
	at org.testng.internal.TestInvoker.invokeMethod(TestInvoker.java:598) [testng-7.4.0.jar:7.4.0]
	at org.testng.internal.TestInvoker.invokeTestMethod(TestInvoker.java:173) [testng-7.4.0.jar:7.4.0]
	at org.testng.internal.MethodRunner.runInSequence(MethodRunner.java:46) [testng-7.4.0.jar:7.4.0]
	at org.testng.internal.TestInvoker$MethodInvocationAgent.invoke(TestInvoker.java:824) [testng-7.4.0.jar:7.4.0]
	at org.testng.internal.TestInvoker.invokeTestMethods(TestInvoker.java:146) [testng-7.4.0.jar:7.4.0]
	at org.testng.internal.TestMethodWorker.invokeTestMethods(TestMethodWorker.java:146) [testng-7.4.0.jar:7.4.0]
	at org.testng.internal.TestMethodWorker.run(TestMethodWorker.java:128) [testng-7.4.0.jar:7.4.0]
	at java.base/java.util.ArrayList.forEach(ArrayList.java:1511) [?:?]
	at org.testng.TestRunner.privateRun(TestRunner.java:794) [testng-7.4.0.jar:7.4.0]
	at org.testng.TestRunner.run(TestRunner.java:596) [testng-7.4.0.jar:7.4.0]
	at org.testng.SuiteRunner.runTest(SuiteRunner.java:377) [testng-7.4.0.jar:7.4.0]
	at org.testng.SuiteRunner.runSequentially(SuiteRunner.java:371) [testng-7.4.0.jar:7.4.0]
	at org.testng.SuiteRunner.privateRun(SuiteRunner.java:332) [testng-7.4.0.jar:7.4.0]
	at org.testng.SuiteRunner.run(SuiteRunner.java:276) [testng-7.4.0.jar:7.4.0]
	at org.testng.SuiteRunnerWorker.runSuite(SuiteRunnerWorker.java:53) [testng-7.4.0.jar:7.4.0]
	at org.testng.SuiteRunnerWorker.run(SuiteRunnerWorker.java:96) [testng-7.4.0.jar:7.4.0]
	at org.testng.TestNG.runSuitesSequentially(TestNG.java:1212) [testng-7.4.0.jar:7.4.0]
	at org.testng.TestNG.runSuitesLocally(TestNG.java:1134) [testng-7.4.0.jar:7.4.0]
	at org.testng.TestNG.runSuites(TestNG.java:1063) [testng-7.4.0.jar:7.4.0]
	at org.testng.TestNG.run(TestNG.java:1031) [testng-7.4.0.jar:7.4.0]
	at com.intellij.rt.testng.IDEARemoteTestNG.run(IDEARemoteTestNG.java:65) [testng-rt.jar:?]
	at com.intellij.rt.testng.RemoteTestNGStarter.main(RemoteTestNGStarter.java:105) [testng-rt.jar:?]
2024-12-17 20:39:39.784 [main] INFO  testCases.HomePageTest - Test HomePage_text started
2024-12-17 20:39:39.931 [main] INFO  testCases.HomePageTest - Test passed - HomePage_text validation successful
2024-12-17 20:39:39.931 [main] INFO  testCases.HomePageTest - Test passed - HomePage_text validation successful
2024-12-17 20:39:39.934 [main] ERROR testCases.HomePageTest - Test failed - HomePage_text validation failed
java.lang.AssertionError: expected [Selenium Playground] but found [SeleniumPlayground]
	at org.testng.Assert.fail(Assert.java:99) ~[testng-7.4.0.jar:7.4.0]
	at org.testng.Assert.failNotEquals(Assert.java:1037) ~[testng-7.4.0.jar:7.4.0]
	at org.testng.Assert.assertEqualsImpl(Assert.java:140) ~[testng-7.4.0.jar:7.4.0]
	at org.testng.Assert.assertEquals(Assert.java:122) ~[testng-7.4.0.jar:7.4.0]
	at org.testng.Assert.assertEquals(Assert.java:629) ~[testng-7.4.0.jar:7.4.0]
	at org.testng.Assert.assertEquals(Assert.java:639) ~[testng-7.4.0.jar:7.4.0]
	at testCases.HomePageTest.HomePage_text(HomePageTest.java:36) [test-classes/:?]
	at java.base/jdk.internal.reflect.NativeMethodAccessorImpl.invoke0(Native Method) ~[?:?]
	at java.base/jdk.internal.reflect.NativeMethodAccessorImpl.invoke(NativeMethodAccessorImpl.java:77) ~[?:?]
	at java.base/jdk.internal.reflect.DelegatingMethodAccessorImpl.invoke(DelegatingMethodAccessorImpl.java:43) ~[?:?]
	at java.base/java.lang.reflect.Method.invoke(Method.java:568) ~[?:?]
	at org.testng.internal.MethodInvocationHelper.invokeMethod(MethodInvocationHelper.java:133) [testng-7.4.0.jar:7.4.0]
	at org.testng.internal.TestInvoker.invokeMethod(TestInvoker.java:598) [testng-7.4.0.jar:7.4.0]
	at org.testng.internal.TestInvoker.invokeTestMethod(TestInvoker.java:173) [testng-7.4.0.jar:7.4.0]
	at org.testng.internal.MethodRunner.runInSequence(MethodRunner.java:46) [testng-7.4.0.jar:7.4.0]
	at org.testng.internal.TestInvoker$MethodInvocationAgent.invoke(TestInvoker.java:824) [testng-7.4.0.jar:7.4.0]
	at org.testng.internal.TestInvoker.invokeTestMethods(TestInvoker.java:146) [testng-7.4.0.jar:7.4.0]
	at org.testng.internal.TestMethodWorker.invokeTestMethods(TestMethodWorker.java:146) [testng-7.4.0.jar:7.4.0]
	at org.testng.internal.TestMethodWorker.run(TestMethodWorker.java:128) [testng-7.4.0.jar:7.4.0]
	at java.base/java.util.ArrayList.forEach(ArrayList.java:1511) [?:?]
	at org.testng.TestRunner.privateRun(TestRunner.java:794) [testng-7.4.0.jar:7.4.0]
	at org.testng.TestRunner.run(TestRunner.java:596) [testng-7.4.0.jar:7.4.0]
	at org.testng.SuiteRunner.runTest(SuiteRunner.java:377) [testng-7.4.0.jar:7.4.0]
	at org.testng.SuiteRunner.runSequentially(SuiteRunner.java:371) [testng-7.4.0.jar:7.4.0]
	at org.testng.SuiteRunner.privateRun(SuiteRunner.java:332) [testng-7.4.0.jar:7.4.0]
	at org.testng.SuiteRunner.run(SuiteRunner.java:276) [testng-7.4.0.jar:7.4.0]
	at org.testng.SuiteRunnerWorker.runSuite(SuiteRunnerWorker.java:53) [testng-7.4.0.jar:7.4.0]
	at org.testng.SuiteRunnerWorker.run(SuiteRunnerWorker.java:96) [testng-7.4.0.jar:7.4.0]
	at org.testng.TestNG.runSuitesSequentially(TestNG.java:1212) [testng-7.4.0.jar:7.4.0]
	at org.testng.TestNG.runSuitesLocally(TestNG.java:1134) [testng-7.4.0.jar:7.4.0]
	at org.testng.TestNG.runSuites(TestNG.java:1063) [testng-7.4.0.jar:7.4.0]
	at org.testng.TestNG.run(TestNG.java:1031) [testng-7.4.0.jar:7.4.0]
	at com.intellij.rt.testng.IDEARemoteTestNG.run(IDEARemoteTestNG.java:65) [testng-rt.jar:?]
	at com.intellij.rt.testng.RemoteTestNGStarter.main(RemoteTestNGStarter.java:105) [testng-rt.jar:?]
2024-12-17 20:50:42.974 [main] INFO  testCases.HomePageTest - Test HomePage_text started
2024-12-17 20:50:43.111 [main] INFO  testCases.HomePageTest - Test passed - HomePage_text validation successful
2024-12-17 20:50:43.112 [main] INFO  testCases.HomePageTest - Test passed - HomePage_text validation successful
2024-12-17 20:50:43.117 [main] INFO  testCases.HomePageTest - Test passed - HomePage_text validation successful
2024-12-17 20:57:59.030 [main] INFO  testCases.HomePageTest - Test HomePage_text started
2024-12-17 20:57:59.146 [main] INFO  testCases.HomePageTest - Test passed - HomePage_text validation successful
2024-12-17 20:57:59.147 [main] INFO  testCases.HomePageTest - Test passed - HomePage_text validation successful
2024-12-17 20:57:59.150 [main] INFO  testCases.HomePageTest - Test passed - HomePage_text validation successful
2024-12-17 21:01:27.364 [main] INFO  testCases.HomePageTest - Test HomePage_text started
2024-12-17 21:01:27.470 [main] INFO  testCases.HomePageTest - Test passed - HomePage_text validation successful
2024-12-17 21:01:27.471 [main] INFO  testCases.HomePageTest - Test passed - HomePage_text validation successful
2024-12-17 21:01:27.477 [main] ERROR testCases.HomePageTest - Test failed - HomePage_text validation failed
java.lang.AssertionError: expected [null] but found [Selenium Playground]
	at org.testng.Assert.fail(Assert.java:99) ~[testng-7.4.0.jar:7.4.0]
	at org.testng.Assert.failNotEquals(Assert.java:1037) ~[testng-7.4.0.jar:7.4.0]
	at org.testng.Assert.assertEqualsImpl(Assert.java:140) ~[testng-7.4.0.jar:7.4.0]
	at org.testng.Assert.assertEquals(Assert.java:122) ~[testng-7.4.0.jar:7.4.0]
	at org.testng.Assert.assertEquals(Assert.java:629) ~[testng-7.4.0.jar:7.4.0]
	at org.testng.Assert.assertEquals(Assert.java:639) ~[testng-7.4.0.jar:7.4.0]
	at testCases.HomePageTest.HomePage_text(HomePageTest.java:36) [test-classes/:?]
	at java.base/jdk.internal.reflect.NativeMethodAccessorImpl.invoke0(Native Method) ~[?:?]
	at java.base/jdk.internal.reflect.NativeMethodAccessorImpl.invoke(NativeMethodAccessorImpl.java:77) ~[?:?]
	at java.base/jdk.internal.reflect.DelegatingMethodAccessorImpl.invoke(DelegatingMethodAccessorImpl.java:43) ~[?:?]
	at java.base/java.lang.reflect.Method.invoke(Method.java:568) ~[?:?]
	at org.testng.internal.MethodInvocationHelper.invokeMethod(MethodInvocationHelper.java:133) [testng-7.4.0.jar:7.4.0]
	at org.testng.internal.TestInvoker.invokeMethod(TestInvoker.java:598) [testng-7.4.0.jar:7.4.0]
	at org.testng.internal.TestInvoker.invokeTestMethod(TestInvoker.java:173) [testng-7.4.0.jar:7.4.0]
	at org.testng.internal.MethodRunner.runInSequence(MethodRunner.java:46) [testng-7.4.0.jar:7.4.0]
	at org.testng.internal.TestInvoker$MethodInvocationAgent.invoke(TestInvoker.java:824) [testng-7.4.0.jar:7.4.0]
	at org.testng.internal.TestInvoker.invokeTestMethods(TestInvoker.java:146) [testng-7.4.0.jar:7.4.0]
	at org.testng.internal.TestMethodWorker.invokeTestMethods(TestMethodWorker.java:146) [testng-7.4.0.jar:7.4.0]
	at org.testng.internal.TestMethodWorker.run(TestMethodWorker.java:128) [testng-7.4.0.jar:7.4.0]
	at java.base/java.util.ArrayList.forEach(ArrayList.java:1511) [?:?]
	at org.testng.TestRunner.privateRun(TestRunner.java:794) [testng-7.4.0.jar:7.4.0]
	at org.testng.TestRunner.run(TestRunner.java:596) [testng-7.4.0.jar:7.4.0]
	at org.testng.SuiteRunner.runTest(SuiteRunner.java:377) [testng-7.4.0.jar:7.4.0]
	at org.testng.SuiteRunner.runSequentially(SuiteRunner.java:371) [testng-7.4.0.jar:7.4.0]
	at org.testng.SuiteRunner.privateRun(SuiteRunner.java:332) [testng-7.4.0.jar:7.4.0]
	at org.testng.SuiteRunner.run(SuiteRunner.java:276) [testng-7.4.0.jar:7.4.0]
	at org.testng.SuiteRunnerWorker.runSuite(SuiteRunnerWorker.java:53) [testng-7.4.0.jar:7.4.0]
	at org.testng.SuiteRunnerWorker.run(SuiteRunnerWorker.java:96) [testng-7.4.0.jar:7.4.0]
	at org.testng.TestNG.runSuitesSequentially(TestNG.java:1212) [testng-7.4.0.jar:7.4.0]
	at org.testng.TestNG.runSuitesLocally(TestNG.java:1134) [testng-7.4.0.jar:7.4.0]
	at org.testng.TestNG.runSuites(TestNG.java:1063) [testng-7.4.0.jar:7.4.0]
	at org.testng.TestNG.run(TestNG.java:1031) [testng-7.4.0.jar:7.4.0]
	at com.intellij.rt.testng.IDEARemoteTestNG.run(IDEARemoteTestNG.java:65) [testng-rt.jar:?]
	at com.intellij.rt.testng.RemoteTestNGStarter.main(RemoteTestNGStarter.java:105) [testng-rt.jar:?]
2024-12-17 21:03:07.227 [main] INFO  testCases.HomePageTest - Test HomePage_text started
2024-12-17 21:03:07.310 [main] INFO  testCases.HomePageTest - Test passed - HomePage_text validation successful
2024-12-17 21:03:07.311 [main] INFO  testCases.HomePageTest - Test passed - HomePage_text validation successful
2024-12-17 21:03:07.316 [main] ERROR testCases.HomePageTest - Test failed - HomePage_text validation failed
java.lang.AssertionError: expected [null] but found [Selenium Playground]
	at org.testng.Assert.fail(Assert.java:99) ~[testng-7.4.0.jar:7.4.0]
	at org.testng.Assert.failNotEquals(Assert.java:1037) ~[testng-7.4.0.jar:7.4.0]
	at org.testng.Assert.assertEqualsImpl(Assert.java:140) ~[testng-7.4.0.jar:7.4.0]
	at org.testng.Assert.assertEquals(Assert.java:122) ~[testng-7.4.0.jar:7.4.0]
	at org.testng.Assert.assertEquals(Assert.java:629) ~[testng-7.4.0.jar:7.4.0]
	at org.testng.Assert.assertEquals(Assert.java:639) ~[testng-7.4.0.jar:7.4.0]
	at testCases.HomePageTest.HomePage_text(HomePageTest.java:36) [test-classes/:?]
	at java.base/jdk.internal.reflect.NativeMethodAccessorImpl.invoke0(Native Method) ~[?:?]
	at java.base/jdk.internal.reflect.NativeMethodAccessorImpl.invoke(NativeMethodAccessorImpl.java:77) ~[?:?]
	at java.base/jdk.internal.reflect.DelegatingMethodAccessorImpl.invoke(DelegatingMethodAccessorImpl.java:43) ~[?:?]
	at java.base/java.lang.reflect.Method.invoke(Method.java:568) ~[?:?]
	at org.testng.internal.MethodInvocationHelper.invokeMethod(MethodInvocationHelper.java:133) [testng-7.4.0.jar:7.4.0]
	at org.testng.internal.TestInvoker.invokeMethod(TestInvoker.java:598) [testng-7.4.0.jar:7.4.0]
	at org.testng.internal.TestInvoker.invokeTestMethod(TestInvoker.java:173) [testng-7.4.0.jar:7.4.0]
	at org.testng.internal.MethodRunner.runInSequence(MethodRunner.java:46) [testng-7.4.0.jar:7.4.0]
	at org.testng.internal.TestInvoker$MethodInvocationAgent.invoke(TestInvoker.java:824) [testng-7.4.0.jar:7.4.0]
	at org.testng.internal.TestInvoker.invokeTestMethods(TestInvoker.java:146) [testng-7.4.0.jar:7.4.0]
	at org.testng.internal.TestMethodWorker.invokeTestMethods(TestMethodWorker.java:146) [testng-7.4.0.jar:7.4.0]
	at org.testng.internal.TestMethodWorker.run(TestMethodWorker.java:128) [testng-7.4.0.jar:7.4.0]
	at java.base/java.util.ArrayList.forEach(ArrayList.java:1511) [?:?]
	at org.testng.TestRunner.privateRun(TestRunner.java:794) [testng-7.4.0.jar:7.4.0]
	at org.testng.TestRunner.run(TestRunner.java:596) [testng-7.4.0.jar:7.4.0]
	at org.testng.SuiteRunner.runTest(SuiteRunner.java:377) [testng-7.4.0.jar:7.4.0]
	at org.testng.SuiteRunner.runSequentially(SuiteRunner.java:371) [testng-7.4.0.jar:7.4.0]
	at org.testng.SuiteRunner.privateRun(SuiteRunner.java:332) [testng-7.4.0.jar:7.4.0]
	at org.testng.SuiteRunner.run(SuiteRunner.java:276) [testng-7.4.0.jar:7.4.0]
	at org.testng.SuiteRunnerWorker.runSuite(SuiteRunnerWorker.java:53) [testng-7.4.0.jar:7.4.0]
	at org.testng.SuiteRunnerWorker.run(SuiteRunnerWorker.java:96) [testng-7.4.0.jar:7.4.0]
	at org.testng.TestNG.runSuitesSequentially(TestNG.java:1212) [testng-7.4.0.jar:7.4.0]
	at org.testng.TestNG.runSuitesLocally(TestNG.java:1134) [testng-7.4.0.jar:7.4.0]
	at org.testng.TestNG.runSuites(TestNG.java:1063) [testng-7.4.0.jar:7.4.0]
	at org.testng.TestNG.run(TestNG.java:1031) [testng-7.4.0.jar:7.4.0]
	at com.intellij.rt.testng.IDEARemoteTestNG.run(IDEARemoteTestNG.java:65) [testng-rt.jar:?]
	at com.intellij.rt.testng.RemoteTestNGStarter.main(RemoteTestNGStarter.java:105) [testng-rt.jar:?]
2024-12-17 21:03:20.545 [main] INFO  testCases.HomePageTest - Test HomePage_text started
2024-12-17 21:03:20.596 [main] INFO  testCases.HomePageTest - Test passed - HomePage_text validation successful
2024-12-17 21:03:20.596 [main] INFO  testCases.HomePageTest - Test passed - HomePage_text validation successful
2024-12-17 21:03:20.598 [main] INFO  testCases.HomePageTest - Test passed - HomePage_text validation successful
2024-12-17 21:03:43.654 [main] INFO  testCases.HomePageTest - Test HomePage_text started
2024-12-17 21:03:43.714 [main] INFO  testCases.HomePageTest - Test passed - HomePage_text validation successful
2024-12-17 21:03:43.714 [main] INFO  testCases.HomePageTest - Test passed - HomePage_text validation successful
2024-12-17 21:03:43.716 [main] INFO  testCases.HomePageTest - Test passed - HomePage_text validation successful
2024-12-17 22:25:19.443 [main] INFO  testCases.HomePageTest - Test HomePage_text started
2024-12-17 22:25:19.512 [main] INFO  testCases.HomePageTest - Test passed - HomePage_text validation successful
2024-12-17 22:25:19.513 [main] INFO  testCases.HomePageTest - Test passed - HomePage_text validation successful
2024-12-17 22:25:19.515 [main] INFO  testCases.HomePageTest - Test passed - HomePage_text validation successful
2024-12-17 22:27:18.596 [main] INFO  testCases.HomePageTest - Test HomePage_text started
2024-12-17 22:27:18.664 [main] INFO  testCases.HomePageTest - Test passed - HomePage_text validation successful
2024-12-17 22:27:18.665 [main] INFO  testCases.HomePageTest - Test passed - HomePage_text validation successful
2024-12-17 22:27:18.668 [main] INFO  testCases.HomePageTest - Test passed - HomePage_text validation successful
2024-12-17 22:27:18.677 [main] ERROR testCases.BasePageTest - WebDriver is not initialized. Cannot capture screenshot.
2024-12-17 22:27:18.678 [main] ERROR testCases.BasePageTest - WebDriver is not initialized. Cannot capture screenshot.
2024-12-17 22:30:43.199 [main] INFO  testCases.HomePageTest - Test HomePage_text started
2024-12-17 22:30:43.279 [main] INFO  testCases.HomePageTest - Test passed - HomePage_text validation successful
2024-12-17 22:30:43.279 [main] INFO  testCases.HomePageTest - Test passed - HomePage_text validation successful
2024-12-17 22:30:43.285 [main] INFO  testCases.HomePageTest - Test passed - HomePage_text validation successful
2024-12-17 22:30:43.302 [main] ERROR testCases.BasePageTest - WebDriver is not initialized. Cannot capture screenshot.
2024-12-17 22:30:43.303 [main] ERROR testCases.BasePageTest - WebDriver is not initialized. Cannot capture screenshot.
